\BOOKMARK [0][-]{chapter.1}{ownCloud 9.2 Server Administration Manual Introduction}{}% 1
\BOOKMARK [1][-]{section.1.1}{Introduction}{chapter.1}% 2
\BOOKMARK [1][-]{section.1.2}{ownCloud Videos and Blogs}{chapter.1}% 3
\BOOKMARK [1][-]{section.1.3}{Target Audience}{chapter.1}% 4
\BOOKMARK [0][-]{chapter.2}{ownCloud 9.2 Release Notes}{}% 5
\BOOKMARK [1][-]{section.2.1}{Changes in 9.2}{chapter.2}% 6
\BOOKMARK [1][-]{section.2.2}{Changes in 9.1}{chapter.2}% 7
\BOOKMARK [1][-]{section.2.3}{Changes in 9.0}{chapter.2}% 8
\BOOKMARK [1][-]{section.2.4}{Enterprise 9.0}{chapter.2}% 9
\BOOKMARK [1][-]{section.2.5}{Changes in 8.2}{chapter.2}% 10
\BOOKMARK [1][-]{section.2.6}{Changes in 8.1}{chapter.2}% 11
\BOOKMARK [1][-]{section.2.7}{Enterprise 8.1 Only}{chapter.2}% 12
\BOOKMARK [1][-]{section.2.8}{ownCloud 8.0}{chapter.2}% 13
\BOOKMARK [1][-]{section.2.9}{Enterprise 8.0 Only}{chapter.2}% 14
\BOOKMARK [1][-]{section.2.10}{ownCloud 7 Release Notes}{chapter.2}% 15
\BOOKMARK [1][-]{section.2.11}{Enterprise 7 Only}{chapter.2}% 16
\BOOKMARK [0][-]{chapter.3}{What's New for Admins in ownCloud 9.2}{}% 17
\BOOKMARK [0][-]{chapter.4}{Installation}{}% 18
\BOOKMARK [1][-]{section.4.1}{System Requirements}{chapter.4}% 19
\BOOKMARK [1][-]{section.4.2}{ownCloud Deployment Recommendations}{chapter.4}% 20
