This is pdfTeX, Version 3.1415926-2.5-1.40.14 (TeX Live 2013/Debian) (format=pdflatex 2016.12.5)  9 DEC 2016 08:19
entering extended mode
 restricted \write18 enabled.
 %&-line parsing enabled.
**ownCloudDeveloperManual.tex
(./ownCloudDeveloperManual.tex
LaTeX2e <2011/06/27>
Babel <3.9h> and hyphenation patterns for 2 languages loaded.
(./sphinxmanual.cls
Document Class: sphinxmanual 2009/06/02 Document class (Sphinx manual)
(/usr/share/texlive/texmf-dist/tex/latex/base/report.cls
Document Class: report 2007/10/19 v1.4h Standard LaTeX document class
(/usr/share/texlive/texmf-dist/tex/latex/base/size10.clo
File: size10.clo 2007/10/19 v1.4h Standard LaTeX file (size option)
)
\c@part=\count79
\c@chapter=\count80
\c@section=\count81
\c@subsection=\count82
\c@subsubsection=\count83
\c@paragraph=\count84
\c@subparagraph=\count85
\c@figure=\count86
\c@table=\count87
\abovecaptionskip=\skip41
\belowcaptionskip=\skip42
\bibindent=\dimen102
))
(/usr/share/texlive/texmf-dist/tex/latex/base/inputenc.sty
Package: inputenc 2008/03/30 v1.1d Input encoding file
\inpenc@prehook=\toks14
\inpenc@posthook=\toks15

(/usr/share/texlive/texmf-dist/tex/latex/base/utf8.def
File: utf8.def 2008/04/05 v1.1m UTF-8 support for inputenc
Now handling font encoding OML ...
... no UTF-8 mapping file for font encoding OML
Now handling font encoding T1 ...
... processing UTF-8 mapping file for font encoding T1

(/usr/share/texlive/texmf-dist/tex/latex/base/t1enc.dfu
File: t1enc.dfu 2008/04/05 v1.1m UTF-8 support for inputenc
   defining Unicode char U+00A1 (decimal 161)
   defining Unicode char U+00A3 (decimal 163)
   defining Unicode char U+00AB (decimal 171)
   defining Unicode char U+00BB (decimal 187)
   defining Unicode char U+00BF (decimal 191)
   defining Unicode char U+00C0 (decimal 192)
   defining Unicode char U+00C1 (decimal 193)
   defining Unicode char U+00C2 (decimal 194)
   defining Unicode char U+00C3 (decimal 195)
   defining Unicode char U+00C4 (decimal 196)
   defining Unicode char U+00C5 (decimal 197)
   defining Unicode char U+00C6 (decimal 198)
   defining Unicode char U+00C7 (decimal 199)
   defining Unicode char U+00C8 (decimal 200)
   defining Unicode char U+00C9 (decimal 201)
   defining Unicode char U+00CA (decimal 202)
   defining Unicode char U+00CB (decimal 203)
   defining Unicode char U+00CC (decimal 204)
   defining Unicode char U+00CD (decimal 205)
   defining Unicode char U+00CE (decimal 206)
   defining Unicode char U+00CF (decimal 207)
   defining Unicode char U+00D0 (decimal 208)
   defining Unicode char U+00D1 (decimal 209)
   defining Unicode char U+00D2 (decimal 210)
   defining Unicode char U+00D3 (decimal 211)
   defining Unicode char U+00D4 (decimal 212)
   defining Unicode char U+00D5 (decimal 213)
   defining Unicode char U+00D6 (decimal 214)
   defining Unicode char U+00D8 (decimal 216)
   defining Unicode char U+00D9 (decimal 217)
   defining Unicode char U+00DA (decimal 218)
   defining Unicode char U+00DB (decimal 219)
   defining Unicode char U+00DC (decimal 220)
   defining Unicode char U+00DD (decimal 221)
   defining Unicode char U+00DE (decimal 222)
   defining Unicode char U+00DF (decimal 223)
   defining Unicode char U+00E0 (decimal 224)
   defining Unicode char U+00E1 (decimal 225)
   defining Unicode char U+00E2 (decimal 226)
   defining Unicode char U+00E3 (decimal 227)
   defining Unicode char U+00E4 (decimal 228)
   defining Unicode char U+00E5 (decimal 229)
   defining Unicode char U+00E6 (decimal 230)
   defining Unicode char U+00E7 (decimal 231)
   defining Unicode char U+00E8 (decimal 232)
   defining Unicode char U+00E9 (decimal 233)
   defining Unicode char U+00EA (decimal 234)
   defining Unicode char U+00EB (decimal 235)
   defining Unicode char U+00EC (decimal 236)
   defining Unicode char U+00ED (decimal 237)
   defining Unicode char U+00EE (decimal 238)
   defining Unicode char U+00EF (decimal 239)
   defining Unicode char U+00F0 (decimal 240)
   defining Unicode char U+00F1 (decimal 241)
   defining Unicode char U+00F2 (decimal 242)
   defining Unicode char U+00F3 (decimal 243)
   defining Unicode char U+00F4 (decimal 244)
   defining Unicode char U+00F5 (decimal 245)
   defining Unicode char U+00F6 (decimal 246)
   defining Unicode char U+00F8 (decimal 248)
   defining Unicode char U+00F9 (decimal 249)
   defining Unicode char U+00FA (decimal 250)
   defining Unicode char U+00FB (decimal 251)
   defining Unicode char U+00FC (decimal 252)
   defining Unicode char U+00FD (decimal 253)
   defining Unicode char U+00FE (decimal 254)
   defining Unicode char U+00FF (decimal 255)
   defining Unicode char U+0102 (decimal 258)
   defining Unicode char U+0103 (decimal 259)
   defining Unicode char U+0104 (decimal 260)
   defining Unicode char U+0105 (decimal 261)
   defining Unicode char U+0106 (decimal 262)
   defining Unicode char U+0107 (decimal 263)
   defining Unicode char U+010C (decimal 268)
   defining Unicode char U+010D (decimal 269)
   defining Unicode char U+010E (decimal 270)
   defining Unicode char U+010F (decimal 271)
   defining Unicode char U+0110 (decimal 272)
   defining Unicode char U+0111 (decimal 273)
   defining Unicode char U+0118 (decimal 280)
   defining Unicode char U+0119 (decimal 281)
   defining Unicode char U+011A (decimal 282)
   defining Unicode char U+011B (decimal 283)
   defining Unicode char U+011E (decimal 286)
   defining Unicode char U+011F (decimal 287)
   defining Unicode char U+0130 (decimal 304)
   defining Unicode char U+0131 (decimal 305)
   defining Unicode char U+0132 (decimal 306)
   defining Unicode char U+0133 (decimal 307)
   defining Unicode char U+0139 (decimal 313)
   defining Unicode char U+013A (decimal 314)
   defining Unicode char U+013D (decimal 317)
   defining Unicode char U+013E (decimal 318)
   defining Unicode char U+0141 (decimal 321)
   defining Unicode char U+0142 (decimal 322)
   defining Unicode char U+0143 (decimal 323)
   defining Unicode char U+0144 (decimal 324)
   defining Unicode char U+0147 (decimal 327)
   defining Unicode char U+0148 (decimal 328)
   defining Unicode char U+014A (decimal 330)
   defining Unicode char U+014B (decimal 331)
   defining Unicode char U+0150 (decimal 336)
   defining Unicode char U+0151 (decimal 337)
   defining Unicode char U+0152 (decimal 338)
   defining Unicode char U+0153 (decimal 339)
   defining Unicode char U+0154 (decimal 340)
   defining Unicode char U+0155 (decimal 341)
   defining Unicode char U+0158 (decimal 344)
   defining Unicode char U+0159 (decimal 345)
   defining Unicode char U+015A (decimal 346)
   defining Unicode char U+015B (decimal 347)
   defining Unicode char U+015E (decimal 350)
   defining Unicode char U+015F (decimal 351)
   defining Unicode char U+0160 (decimal 352)
   defining Unicode char U+0161 (decimal 353)
   defining Unicode char U+0162 (decimal 354)
   defining Unicode char U+0163 (decimal 355)
   defining Unicode char U+0164 (decimal 356)
   defining Unicode char U+0165 (decimal 357)
   defining Unicode char U+016E (decimal 366)
   defining Unicode char U+016F (decimal 367)
   defining Unicode char U+0170 (decimal 368)
   defining Unicode char U+0171 (decimal 369)
   defining Unicode char U+0178 (decimal 376)
   defining Unicode char U+0179 (decimal 377)
   defining Unicode char U+017A (decimal 378)
   defining Unicode char U+017B (decimal 379)
   defining Unicode char U+017C (decimal 380)
   defining Unicode char U+017D (decimal 381)
   defining Unicode char U+017E (decimal 382)
   defining Unicode char U+200C (decimal 8204)
   defining Unicode char U+2013 (decimal 8211)
   defining Unicode char U+2014 (decimal 8212)
   defining Unicode char U+2018 (decimal 8216)
   defining Unicode char U+2019 (decimal 8217)
   defining Unicode char U+201A (decimal 8218)
   defining Unicode char U+201C (decimal 8220)
   defining Unicode char U+201D (decimal 8221)
   defining Unicode char U+201E (decimal 8222)
   defining Unicode char U+2030 (decimal 8240)
   defining Unicode char U+2031 (decimal 8241)
   defining Unicode char U+2039 (decimal 8249)
   defining Unicode char U+203A (decimal 8250)
   defining Unicode char U+2423 (decimal 9251)
)
Now handling font encoding OT1 ...
... processing UTF-8 mapping file for font encoding OT1

(/usr/share/texlive/texmf-dist/tex/latex/base/ot1enc.dfu
File: ot1enc.dfu 2008/04/05 v1.1m UTF-8 support for inputenc
   defining Unicode char U+00A1 (decimal 161)
   defining Unicode char U+00A3 (decimal 163)
   defining Unicode char U+00B8 (decimal 184)
   defining Unicode char U+00BF (decimal 191)
   defining Unicode char U+00C5 (decimal 197)
   defining Unicode char U+00C6 (decimal 198)
   defining Unicode char U+00D8 (decimal 216)
   defining Unicode char U+00DF (decimal 223)
   defining Unicode char U+00E6 (decimal 230)
   defining Unicode char U+00EC (decimal 236)
   defining Unicode char U+00ED (decimal 237)
   defining Unicode char U+00EE (decimal 238)
   defining Unicode char U+00EF (decimal 239)
   defining Unicode char U+00F8 (decimal 248)
   defining Unicode char U+0131 (decimal 305)
   defining Unicode char U+0141 (decimal 321)
   defining Unicode char U+0142 (decimal 322)
   defining Unicode char U+0152 (decimal 338)
   defining Unicode char U+0153 (decimal 339)
   defining Unicode char U+2013 (decimal 8211)
   defining Unicode char U+2014 (decimal 8212)
   defining Unicode char U+2018 (decimal 8216)
   defining Unicode char U+2019 (decimal 8217)
   defining Unicode char U+201C (decimal 8220)
   defining Unicode char U+201D (decimal 8221)
)
Now handling font encoding OMS ...
... processing UTF-8 mapping file for font encoding OMS

(/usr/share/texlive/texmf-dist/tex/latex/base/omsenc.dfu
File: omsenc.dfu 2008/04/05 v1.1m UTF-8 support for inputenc
   defining Unicode char U+00A7 (decimal 167)
   defining Unicode char U+00B6 (decimal 182)
   defining Unicode char U+00B7 (decimal 183)
   defining Unicode char U+2020 (decimal 8224)
   defining Unicode char U+2021 (decimal 8225)
   defining Unicode char U+2022 (decimal 8226)
)
Now handling font encoding OMX ...
... no UTF-8 mapping file for font encoding OMX
Now handling font encoding U ...
... no UTF-8 mapping file for font encoding U
   defining Unicode char U+00A9 (decimal 169)
   defining Unicode char U+00AA (decimal 170)
   defining Unicode char U+00AE (decimal 174)
   defining Unicode char U+00BA (decimal 186)
   defining Unicode char U+02C6 (decimal 710)
   defining Unicode char U+02DC (decimal 732)
   defining Unicode char U+200C (decimal 8204)
   defining Unicode char U+2026 (decimal 8230)
   defining Unicode char U+2122 (decimal 8482)
   defining Unicode char U+2423 (decimal 9251)
))
   defining Unicode char U+00A0 (decimal 160)

(/usr/share/texlive/texmf-dist/tex/latex/cmap/cmap.sty
Package: cmap 2008/03/06 v1.0h CMap support: searchable PDF
)
(/usr/share/texlive/texmf-dist/tex/latex/base/fontenc.sty
Package: fontenc 2005/09/27 v1.99g Standard LaTeX package

(/usr/share/texlive/texmf-dist/tex/latex/base/t1enc.def
File: t1enc.def 2005/09/27 v1.99g Standard LaTeX file
LaTeX Font Info:    Redeclaring font encoding T1 on input line 43.
)<<t1.cmap>>)
(/usr/share/texlive/texmf-dist/tex/generic/babel/babel.sty
Package: babel 2013/12/03 3.9h The Babel package

(/usr/share/texlive/texmf-dist/tex/generic/babel-english/english.ldf
Language: english 2012/08/20 v3.3p English support from the babel system

(/usr/share/texlive/texmf-dist/tex/generic/babel/babel.def
File: babel.def 2013/12/03 3.9h Babel common definitions
\babel@savecnt=\count88
\U@D=\dimen103
)
\l@british = a dialect from \language\l@english 
\l@UKenglish = a dialect from \language\l@english 
\l@canadian = a dialect from \language\l@american 
\l@australian = a dialect from \language\l@british 
\l@newzealand = a dialect from \language\l@british 
))
(/usr/share/texlive/texmf-dist/tex/latex/psnfss/times.sty
Package: times 2005/04/12 PSNFSS-v9.2a (SPQR) 
) (./fncychap.sty
Package: fncychap 2007/07/30 v1.34 LaTeX package (Revised chapters)
\RW=\skip43
\mylen=\skip44
\myhi=\skip45
\px=\skip46
\py=\skip47
\pyy=\skip48
\pxx=\skip49
\c@AlphaCnt=\count89
\c@AlphaDecCnt=\count90
)
(/usr/share/texlive/texmf-dist/tex/latex/tools/longtable.sty
Package: longtable 2004/02/01 v4.11 Multi-page Table package (DPC)
\LTleft=\skip50
\LTright=\skip51
\LTpre=\skip52
\LTpost=\skip53
\LTchunksize=\count91
\LTcapwidth=\dimen104
\LT@head=\box26
\LT@firsthead=\box27
\LT@foot=\box28
\LT@lastfoot=\box29
\LT@cols=\count92
\LT@rows=\count93
\c@LT@tables=\count94
\c@LT@chunks=\count95
\LT@p@ftn=\toks16
) (./sphinx.sty
Package: sphinx 2010/01/15 LaTeX package (Sphinx markup)

(/usr/share/texlive/texmf-dist/tex/latex/fancyhdr/fancyhdr.sty
\fancy@headwidth=\skip54
\f@ncyO@elh=\skip55
\f@ncyO@erh=\skip56
\f@ncyO@olh=\skip57
\f@ncyO@orh=\skip58
\f@ncyO@elf=\skip59
\f@ncyO@erf=\skip60
\f@ncyO@olf=\skip61
\f@ncyO@orf=\skip62
)
(/usr/share/texlive/texmf-dist/tex/latex/base/textcomp.sty
Package: textcomp 2005/09/27 v1.99g Standard LaTeX package
Package textcomp Info: Sub-encoding information:
(textcomp)               5 = only ISO-Adobe without \textcurrency
(textcomp)               4 = 5 + \texteuro
(textcomp)               3 = 4 + \textohm
(textcomp)               2 = 3 + \textestimated + \textcurrency
(textcomp)               1 = TS1 - \textcircled - \t
(textcomp)               0 = TS1 (full)
(textcomp)             Font families with sub-encoding setting implement
(textcomp)             only a restricted character set as indicated.
(textcomp)             Family '?' is the default used for unknown fonts.
(textcomp)             See the documentation for details.
Package textcomp Info: Setting ? sub-encoding to TS1/1 on input line 71.

(/usr/share/texlive/texmf-dist/tex/latex/base/ts1enc.def
File: ts1enc.def 2001/06/05 v3.0e (jk/car/fm) Standard LaTeX file
Now handling font encoding TS1 ...
... processing UTF-8 mapping file for font encoding TS1

(/usr/share/texlive/texmf-dist/tex/latex/base/ts1enc.dfu
File: ts1enc.dfu 2008/04/05 v1.1m UTF-8 support for inputenc
   defining Unicode char U+00A2 (decimal 162)
   defining Unicode char U+00A3 (decimal 163)
   defining Unicode char U+00A4 (decimal 164)
   defining Unicode char U+00A5 (decimal 165)
   defining Unicode char U+00A6 (decimal 166)
   defining Unicode char U+00A7 (decimal 167)
   defining Unicode char U+00A8 (decimal 168)
   defining Unicode char U+00A9 (decimal 169)
   defining Unicode char U+00AA (decimal 170)
   defining Unicode char U+00AC (decimal 172)
   defining Unicode char U+00AE (decimal 174)
   defining Unicode char U+00AF (decimal 175)
   defining Unicode char U+00B0 (decimal 176)
   defining Unicode char U+00B1 (decimal 177)
   defining Unicode char U+00B2 (decimal 178)
   defining Unicode char U+00B3 (decimal 179)
   defining Unicode char U+00B4 (decimal 180)
   defining Unicode char U+00B5 (decimal 181)
   defining Unicode char U+00B6 (decimal 182)
   defining Unicode char U+00B7 (decimal 183)
   defining Unicode char U+00B9 (decimal 185)
   defining Unicode char U+00BA (decimal 186)
   defining Unicode char U+00BC (decimal 188)
   defining Unicode char U+00BD (decimal 189)
   defining Unicode char U+00BE (decimal 190)
   defining Unicode char U+00D7 (decimal 215)
   defining Unicode char U+00F7 (decimal 247)
   defining Unicode char U+0192 (decimal 402)
   defining Unicode char U+02C7 (decimal 711)
   defining Unicode char U+02D8 (decimal 728)
   defining Unicode char U+02DD (decimal 733)
   defining Unicode char U+0E3F (decimal 3647)
   defining Unicode char U+2016 (decimal 8214)
   defining Unicode char U+2020 (decimal 8224)
   defining Unicode char U+2021 (decimal 8225)
   defining Unicode char U+2022 (decimal 8226)
   defining Unicode char U+2030 (decimal 8240)
   defining Unicode char U+2031 (decimal 8241)
   defining Unicode char U+203B (decimal 8251)
   defining Unicode char U+203D (decimal 8253)
   defining Unicode char U+2044 (decimal 8260)
   defining Unicode char U+204E (decimal 8270)
   defining Unicode char U+2052 (decimal 8274)
   defining Unicode char U+20A1 (decimal 8353)
   defining Unicode char U+20A4 (decimal 8356)
   defining Unicode char U+20A6 (decimal 8358)
   defining Unicode char U+20A9 (decimal 8361)
   defining Unicode char U+20AB (decimal 8363)
   defining Unicode char U+20AC (decimal 8364)
   defining Unicode char U+20B1 (decimal 8369)
   defining Unicode char U+2103 (decimal 8451)
   defining Unicode char U+2116 (decimal 8470)
   defining Unicode char U+2117 (decimal 8471)
   defining Unicode char U+211E (decimal 8478)
   defining Unicode char U+2120 (decimal 8480)
   defining Unicode char U+2122 (decimal 8482)
   defining Unicode char U+2126 (decimal 8486)
   defining Unicode char U+2127 (decimal 8487)
   defining Unicode char U+212E (decimal 8494)
   defining Unicode char U+2190 (decimal 8592)
   defining Unicode char U+2191 (decimal 8593)
   defining Unicode char U+2192 (decimal 8594)
   defining Unicode char U+2193 (decimal 8595)
   defining Unicode char U+2329 (decimal 9001)
   defining Unicode char U+232A (decimal 9002)
   defining Unicode char U+2422 (decimal 9250)
   defining Unicode char U+25E6 (decimal 9702)
   defining Unicode char U+25EF (decimal 9711)
   defining Unicode char U+266A (decimal 9834)
))
LaTeX Info: Redefining \oldstylenums on input line 266.
Package textcomp Info: Setting cmr sub-encoding to TS1/0 on input line 281.
Package textcomp Info: Setting cmss sub-encoding to TS1/0 on input line 282.
Package textcomp Info: Setting cmtt sub-encoding to TS1/0 on input line 283.
Package textcomp Info: Setting cmvtt sub-encoding to TS1/0 on input line 284.
Package textcomp Info: Setting cmbr sub-encoding to TS1/0 on input line 285.
Package textcomp Info: Setting cmtl sub-encoding to TS1/0 on input line 286.
Package textcomp Info: Setting ccr sub-encoding to TS1/0 on input line 287.
Package textcomp Info: Setting ptm sub-encoding to TS1/4 on input line 288.
Package textcomp Info: Setting pcr sub-encoding to TS1/4 on input line 289.
Package textcomp Info: Setting phv sub-encoding to TS1/4 on input line 290.
Package textcomp Info: Setting ppl sub-encoding to TS1/3 on input line 291.
Package textcomp Info: Setting pag sub-encoding to TS1/4 on input line 292.
Package textcomp Info: Setting pbk sub-encoding to TS1/4 on input line 293.
Package textcomp Info: Setting pnc sub-encoding to TS1/4 on input line 294.
Package textcomp Info: Setting pzc sub-encoding to TS1/4 on input line 295.
Package textcomp Info: Setting bch sub-encoding to TS1/4 on input line 296.
Package textcomp Info: Setting put sub-encoding to TS1/5 on input line 297.
Package textcomp Info: Setting uag sub-encoding to TS1/5 on input line 298.
Package textcomp Info: Setting ugq sub-encoding to TS1/5 on input line 299.
Package textcomp Info: Setting ul8 sub-encoding to TS1/4 on input line 300.
Package textcomp Info: Setting ul9 sub-encoding to TS1/4 on input line 301.
Package textcomp Info: Setting augie sub-encoding to TS1/5 on input line 302.
Package textcomp Info: Setting dayrom sub-encoding to TS1/3 on input line 303.
Package textcomp Info: Setting dayroms sub-encoding to TS1/3 on input line 304.

Package textcomp Info: Setting pxr sub-encoding to TS1/0 on input line 305.
Package textcomp Info: Setting pxss sub-encoding to TS1/0 on input line 306.
Package textcomp Info: Setting pxtt sub-encoding to TS1/0 on input line 307.
Package textcomp Info: Setting txr sub-encoding to TS1/0 on input line 308.
Package textcomp Info: Setting txss sub-encoding to TS1/0 on input line 309.
Package textcomp Info: Setting txtt sub-encoding to TS1/0 on input line 310.
Package textcomp Info: Setting lmr sub-encoding to TS1/0 on input line 311.
Package textcomp Info: Setting lmdh sub-encoding to TS1/0 on input line 312.
Package textcomp Info: Setting lmss sub-encoding to TS1/0 on input line 313.
Package textcomp Info: Setting lmssq sub-encoding to TS1/0 on input line 314.
Package textcomp Info: Setting lmvtt sub-encoding to TS1/0 on input line 315.
Package textcomp Info: Setting qhv sub-encoding to TS1/0 on input line 316.
Package textcomp Info: Setting qag sub-encoding to TS1/0 on input line 317.
Package textcomp Info: Setting qbk sub-encoding to TS1/0 on input line 318.
Package textcomp Info: Setting qcr sub-encoding to TS1/0 on input line 319.
Package textcomp Info: Setting qcs sub-encoding to TS1/0 on input line 320.
Package textcomp Info: Setting qpl sub-encoding to TS1/0 on input line 321.
Package textcomp Info: Setting qtm sub-encoding to TS1/0 on input line 322.
Package textcomp Info: Setting qzc sub-encoding to TS1/0 on input line 323.
Package textcomp Info: Setting qhvc sub-encoding to TS1/0 on input line 324.
Package textcomp Info: Setting futs sub-encoding to TS1/4 on input line 325.
Package textcomp Info: Setting futx sub-encoding to TS1/4 on input line 326.
Package textcomp Info: Setting futj sub-encoding to TS1/4 on input line 327.
Package textcomp Info: Setting hlh sub-encoding to TS1/3 on input line 328.
Package textcomp Info: Setting hls sub-encoding to TS1/3 on input line 329.
Package textcomp Info: Setting hlst sub-encoding to TS1/3 on input line 330.
Package textcomp Info: Setting hlct sub-encoding to TS1/5 on input line 331.
Package textcomp Info: Setting hlx sub-encoding to TS1/5 on input line 332.
Package textcomp Info: Setting hlce sub-encoding to TS1/5 on input line 333.
Package textcomp Info: Setting hlcn sub-encoding to TS1/5 on input line 334.
Package textcomp Info: Setting hlcw sub-encoding to TS1/5 on input line 335.
Package textcomp Info: Setting hlcf sub-encoding to TS1/5 on input line 336.
Package textcomp Info: Setting pplx sub-encoding to TS1/3 on input line 337.
Package textcomp Info: Setting pplj sub-encoding to TS1/3 on input line 338.
Package textcomp Info: Setting ptmx sub-encoding to TS1/4 on input line 339.
Package textcomp Info: Setting ptmj sub-encoding to TS1/4 on input line 340.
)
(/usr/share/texlive/texmf-dist/tex/latex/fancybox/fancybox.sty
Package: fancybox 2010/05/15 1.4

Style option: `fancybox' v1.4 <2010/05/15> (tvz)
\@fancybox=\box30
\shadowsize=\dimen105
\@Sbox=\box31
\do@VerbBox=\toks17
\the@fancyput=\toks18
\this@fancyput=\toks19
\EndVerbatimTokens=\toks20
\Verbatim@Outfile=\write3
\Verbatim@Infile=\read1
) (/usr/share/texlive/texmf-dist/tex/latex/titlesec/titlesec.sty
Package: titlesec 2011/12/15 v2.10.0 Sectioning titles
\ttl@box=\box32
\beforetitleunit=\skip63
\aftertitleunit=\skip64
\ttl@plus=\dimen106
\ttl@minus=\dimen107
\ttl@toksa=\toks21
\titlewidth=\dimen108
\titlewidthlast=\dimen109
\titlewidthfirst=\dimen110
)
(./tabulary.sty
Package: tabulary 2008/12/01 v0.9 tabulary package (DPC)
 (/usr/share/texlive/texmf-dist/tex/latex/tools/array.sty
Package: array 2008/09/09 v2.4c Tabular extension package (FMi)
\col@sep=\dimen111
\extrarowheight=\dimen112
\NC@list=\toks22
\extratabsurround=\skip65
\backup@length=\skip66
)
\TY@count=\count96
\TY@linewidth=\dimen113
\tymin=\dimen114
\tymax=\dimen115
\TY@tablewidth=\dimen116
)
(/usr/share/texlive/texmf-dist/tex/latex/amsmath/amsmath.sty
Package: amsmath 2013/01/14 v2.14 AMS math features
\@mathmargin=\skip67

For additional information on amsmath, use the `?' option.
(/usr/share/texlive/texmf-dist/tex/latex/amsmath/amstext.sty
Package: amstext 2000/06/29 v2.01

(/usr/share/texlive/texmf-dist/tex/latex/amsmath/amsgen.sty
File: amsgen.sty 1999/11/30 v2.0
\@emptytoks=\toks23
\ex@=\dimen117
))
(/usr/share/texlive/texmf-dist/tex/latex/amsmath/amsbsy.sty
Package: amsbsy 1999/11/29 v1.2d
\pmbraise@=\dimen118
)
(/usr/share/texlive/texmf-dist/tex/latex/amsmath/amsopn.sty
Package: amsopn 1999/12/14 v2.01 operator names
)
\inf@bad=\count97
LaTeX Info: Redefining \frac on input line 210.
\uproot@=\count98
\leftroot@=\count99
LaTeX Info: Redefining \overline on input line 306.
\classnum@=\count100
\DOTSCASE@=\count101
LaTeX Info: Redefining \ldots on input line 378.
LaTeX Info: Redefining \dots on input line 381.
LaTeX Info: Redefining \cdots on input line 466.
\Mathstrutbox@=\box33
\strutbox@=\box34
\big@size=\dimen119
LaTeX Font Info:    Redeclaring font encoding OML on input line 566.
LaTeX Font Info:    Redeclaring font encoding OMS on input line 567.
\macc@depth=\count102
\c@MaxMatrixCols=\count103
\dotsspace@=\muskip10
\c@parentequation=\count104
\dspbrk@lvl=\count105
\tag@help=\toks24
\row@=\count106
\column@=\count107
\maxfields@=\count108
\andhelp@=\toks25
\eqnshift@=\dimen120
\alignsep@=\dimen121
\tagshift@=\dimen122
\tagwidth@=\dimen123
\totwidth@=\dimen124
\lineht@=\dimen125
\@envbody=\toks26
\multlinegap=\skip68
\multlinetaggap=\skip69
\mathdisplay@stack=\toks27
LaTeX Info: Redefining \[ on input line 2665.
LaTeX Info: Redefining \] on input line 2666.
)
(/usr/share/texlive/texmf-dist/tex/latex/base/makeidx.sty
Package: makeidx 2000/03/29 v1.0m Standard LaTeX package
)
(/usr/share/texlive/texmf-dist/tex/latex/framed/framed.sty
Package: framed 2011/10/22 v 0.96: framed or shaded text with page breaks
\OuterFrameSep=\skip70
\fb@frw=\dimen126
\fb@frh=\dimen127
\FrameRule=\dimen128
\FrameSep=\dimen129
)
(/usr/share/texlive/texmf-dist/tex/latex/base/ifthen.sty
Package: ifthen 2001/05/26 v1.1c Standard LaTeX ifthen package (DPC)
)
(/usr/share/texlive/texmf-dist/tex/latex/graphics/color.sty
Package: color 2005/11/14 v1.0j Standard LaTeX Color (DPC)

(/usr/share/texlive/texmf-dist/tex/latex/latexconfig/color.cfg
File: color.cfg 2007/01/18 v1.5 color configuration of teTeX/TeXLive
)
Package color Info: Driver file: pdftex.def on input line 130.

(/usr/share/texlive/texmf-dist/tex/latex/pdftex-def/pdftex.def
File: pdftex.def 2011/05/27 v0.06d Graphics/color for pdfTeX

(/usr/share/texlive/texmf-dist/tex/generic/oberdiek/infwarerr.sty
Package: infwarerr 2010/04/08 v1.3 Providing info/warning/error messages (HO)
)
(/usr/share/texlive/texmf-dist/tex/generic/oberdiek/ltxcmds.sty
Package: ltxcmds 2011/11/09 v1.22 LaTeX kernel commands for general use (HO)
)
\Gread@gobject=\count109
))
(/usr/share/texlive/texmf-dist/tex/latex/fancyvrb/fancyvrb.sty
Package: fancyvrb 2008/02/07

Style option: `fancyvrb' v2.7a, with DG/SPQR fixes, and firstline=lastline fix 
<2008/02/07> (tvz) (/usr/share/texlive/texmf-dist/tex/latex/graphics/keyval.sty
Package: keyval 1999/03/16 v1.13 key=value parser (DPC)
\KV@toks@=\toks28
)
\FV@CodeLineNo=\count110
\FV@InFile=\read2
\FV@TabBox=\box35
\c@FancyVerbLine=\count111
\FV@StepNumber=\count112
\FV@OutFile=\write4
) (/usr/share/texlive/texmf-dist/tex/latex/threeparttable/threeparttable.sty
Package: threeparttable 2003/06/13  v 3.0
\@tempboxb=\box36
)
(/usr/share/texlive/texmf-dist/tex/latex/mdwtools/footnote.sty
Package: footnote 1997/01/28 1.13 Save footnotes around boxes
\fn@notes=\box37
\fn@width=\dimen130
)
(/usr/share/texlive/texmf-dist/tex/latex/wrapfig/wrapfig.sty
\wrapoverhang=\dimen131
\WF@size=\dimen132
\c@WF@wrappedlines=\count113
\WF@box=\box38
\WF@everypar=\toks29
Package: wrapfig 2003/01/31  v 3.6
)
(/usr/share/texlive/texmf-dist/tex/latex/parskip/parskip.sty
Package: parskip 2001/04/09 non-zero parskip adjustments
)
(/usr/share/texlive/texmf-dist/tex/latex/base/alltt.sty
Package: alltt 1997/06/16 v2.0g defines alltt environment
)
(/usr/share/texlive/texmf-dist/tex/latex/graphics/graphicx.sty
Package: graphicx 1999/02/16 v1.0f Enhanced LaTeX Graphics (DPC,SPQR)

(/usr/share/texlive/texmf-dist/tex/latex/graphics/graphics.sty
Package: graphics 2009/02/05 v1.0o Standard LaTeX Graphics (DPC,SPQR)

(/usr/share/texlive/texmf-dist/tex/latex/graphics/trig.sty
Package: trig 1999/03/16 v1.09 sin cos tan (DPC)
)
(/usr/share/texlive/texmf-dist/tex/latex/latexconfig/graphics.cfg
File: graphics.cfg 2010/04/23 v1.9 graphics configuration of TeX Live
)
Package graphics Info: Driver file: pdftex.def on input line 91.
)
\Gin@req@height=\dimen133
\Gin@req@width=\dimen134
)
(/usr/share/texlive/texmf-dist/tex/plain/misc/pdfcolor.tex)
\distancetoright=\skip71
\py@argswidth=\skip72
\py@noticelength=\skip73
\lineblockindentation=\skip74
\image@box=\box39
\image@width=\dimen135

(/usr/share/texlive/texmf-dist/tex/latex/hyperref/hyperref.sty
Package: hyperref 2012/11/06 v6.83m Hypertext links for LaTeX

(/usr/share/texlive/texmf-dist/tex/generic/oberdiek/hobsub-hyperref.sty
Package: hobsub-hyperref 2012/05/28 v1.13 Bundle oberdiek, subset hyperref (HO)


(/usr/share/texlive/texmf-dist/tex/generic/oberdiek/hobsub-generic.sty
Package: hobsub-generic 2012/05/28 v1.13 Bundle oberdiek, subset generic (HO)
Package: hobsub 2012/05/28 v1.13 Construct package bundles (HO)
Package hobsub Info: Skipping package `infwarerr' (already loaded).
Package hobsub Info: Skipping package `ltxcmds' (already loaded).
Package: ifluatex 2010/03/01 v1.3 Provides the ifluatex switch (HO)
Package ifluatex Info: LuaTeX not detected.
Package: ifvtex 2010/03/01 v1.5 Detect VTeX and its facilities (HO)
Package ifvtex Info: VTeX not detected.
Package: intcalc 2007/09/27 v1.1 Expandable calculations with integers (HO)
Package: ifpdf 2011/01/30 v2.3 Provides the ifpdf switch (HO)
Package ifpdf Info: pdfTeX in PDF mode is detected.
Package: etexcmds 2011/02/16 v1.5 Avoid name clashes with e-TeX commands (HO)
Package etexcmds Info: Could not find \expanded.
(etexcmds)             That can mean that you are not using pdfTeX 1.50 or
(etexcmds)             that some package has redefined \expanded.
(etexcmds)             In the latter case, load this package earlier.
Package: kvsetkeys 2012/04/25 v1.16 Key value parser (HO)
Package: kvdefinekeys 2011/04/07 v1.3 Define keys (HO)
Package: pdftexcmds 2011/11/29 v0.20 Utility functions of pdfTeX for LuaTeX (HO
)
Package pdftexcmds Info: LuaTeX not detected.
Package pdftexcmds Info: \pdf@primitive is available.
Package pdftexcmds Info: \pdf@ifprimitive is available.
Package pdftexcmds Info: \pdfdraftmode found.
Package: pdfescape 2011/11/25 v1.13 Implements pdfTeX's escape features (HO)
Package: bigintcalc 2012/04/08 v1.3 Expandable calculations on big integers (HO
)
Package: bitset 2011/01/30 v1.1 Handle bit-vector datatype (HO)
Package: uniquecounter 2011/01/30 v1.2 Provide unlimited unique counter (HO)
)
Package hobsub Info: Skipping package `hobsub' (already loaded).
Package: letltxmacro 2010/09/02 v1.4 Let assignment for LaTeX macros (HO)
Package: hopatch 2012/05/28 v1.2 Wrapper for package hooks (HO)
Package: xcolor-patch 2011/01/30 xcolor patch
Package: atveryend 2011/06/30 v1.8 Hooks at the very end of document (HO)
Package atveryend Info: \enddocument detected (standard20110627).
Package: atbegshi 2011/10/05 v1.16 At begin shipout hook (HO)
Package: refcount 2011/10/16 v3.4 Data extraction from label references (HO)
Package: hycolor 2011/01/30 v1.7 Color options for hyperref/bookmark (HO)
)
(/usr/share/texlive/texmf-dist/tex/generic/ifxetex/ifxetex.sty
Package: ifxetex 2010/09/12 v0.6 Provides ifxetex conditional
)
(/usr/share/texlive/texmf-dist/tex/latex/oberdiek/auxhook.sty
Package: auxhook 2011/03/04 v1.3 Hooks for auxiliary files (HO)
)
(/usr/share/texlive/texmf-dist/tex/latex/oberdiek/kvoptions.sty
Package: kvoptions 2011/06/30 v3.11 Key value format for package options (HO)
)
\@linkdim=\dimen136
\Hy@linkcounter=\count114
\Hy@pagecounter=\count115

(/usr/share/texlive/texmf-dist/tex/latex/hyperref/pd1enc.def
File: pd1enc.def 2012/11/06 v6.83m Hyperref: PDFDocEncoding definition (HO)
Now handling font encoding PD1 ...
... no UTF-8 mapping file for font encoding PD1
)
\Hy@SavedSpaceFactor=\count116

(/usr/share/texlive/texmf-dist/tex/latex/latexconfig/hyperref.cfg
File: hyperref.cfg 2002/06/06 v1.2 hyperref configuration of TeXLive
)
Package hyperref Info: Option `colorlinks' set `true' on input line 4319.
Package hyperref Info: Option `breaklinks' set `true' on input line 4319.
Package hyperref Info: Hyper figures OFF on input line 4443.
Package hyperref Info: Link nesting OFF on input line 4448.
Package hyperref Info: Hyper index ON on input line 4451.
Package hyperref Info: Plain pages OFF on input line 4458.
Package hyperref Info: Backreferencing OFF on input line 4463.
Package hyperref Info: Implicit mode ON; LaTeX internals redefined.
Package hyperref Info: Bookmarks ON on input line 4688.
\c@Hy@tempcnt=\count117

(/usr/share/texlive/texmf-dist/tex/latex/url/url.sty
\Urlmuskip=\muskip11
Package: url 2013/09/16  ver 3.4  Verb mode for urls, etc.
)
LaTeX Info: Redefining \url on input line 5041.
\XeTeXLinkMargin=\dimen137
\Fld@menulength=\count118
\Field@Width=\dimen138
\Fld@charsize=\dimen139
Package hyperref Info: Hyper figures OFF on input line 6295.
Package hyperref Info: Link nesting OFF on input line 6300.
Package hyperref Info: Hyper index ON on input line 6303.
Package hyperref Info: backreferencing OFF on input line 6310.
Package hyperref Info: Link coloring ON on input line 6313.
Package hyperref Info: Link coloring with OCG OFF on input line 6320.
Package hyperref Info: PDF/A mode OFF on input line 6325.
LaTeX Info: Redefining \ref on input line 6365.
LaTeX Info: Redefining \pageref on input line 6369.
\Hy@abspage=\count119
\c@Item=\count120
\c@Hfootnote=\count121
)

Package hyperref Message: Driver (autodetected): hpdftex.

(/usr/share/texlive/texmf-dist/tex/latex/hyperref/hpdftex.def
File: hpdftex.def 2012/11/06 v6.83m Hyperref driver for pdfTeX
\Fld@listcount=\count122
\c@bookmark@seq@number=\count123

(/usr/share/texlive/texmf-dist/tex/latex/oberdiek/rerunfilecheck.sty
Package: rerunfilecheck 2011/04/15 v1.7 Rerun checks for auxiliary files (HO)
Package uniquecounter Info: New unique counter `rerunfilecheck' on input line 2
82.
)
\Hy@SectionHShift=\skip75
)
(/usr/share/texlive/texmf-dist/tex/latex/oberdiek/hypcap.sty
Package: hypcap 2011/02/16 v1.11 Adjusting the anchors of captions (HO)
)
\DUlineblockindent=\skip76
)
(/usr/share/texlive/texmf-dist/tex/latex/multirow/multirow.sty
\bigstrutjot=\dimen140
)
\@indexfile=\write5
\openout5 = `ownCloudDeveloperManual.idx'.


Writing index file ownCloudDeveloperManual.idx
(./ownCloudDeveloperManual.aux)
\openout1 = `ownCloudDeveloperManual.aux'.

LaTeX Font Info:    Checking defaults for OML/cmm/m/it on input line 117.
LaTeX Font Info:    ... okay on input line 117.
LaTeX Font Info:    Checking defaults for T1/cmr/m/n on input line 117.
LaTeX Font Info:    ... okay on input line 117.
LaTeX Font Info:    Checking defaults for OT1/cmr/m/n on input line 117.
LaTeX Font Info:    ... okay on input line 117.
LaTeX Font Info:    Checking defaults for OMS/cmsy/m/n on input line 117.
LaTeX Font Info:    ... okay on input line 117.
LaTeX Font Info:    Checking defaults for OMX/cmex/m/n on input line 117.
LaTeX Font Info:    ... okay on input line 117.
LaTeX Font Info:    Checking defaults for U/cmr/m/n on input line 117.
LaTeX Font Info:    ... okay on input line 117.
LaTeX Font Info:    Checking defaults for TS1/cmr/m/n on input line 117.
LaTeX Font Info:    Try loading font information for TS1+cmr on input line 117.


(/usr/share/texlive/texmf-dist/tex/latex/base/ts1cmr.fd
File: ts1cmr.fd 1999/05/25 v2.5h Standard LaTeX font definitions
)
LaTeX Font Info:    ... okay on input line 117.
LaTeX Font Info:    Checking defaults for PD1/pdf/m/n on input line 117.
LaTeX Font Info:    ... okay on input line 117.
LaTeX Font Info:    Try loading font information for T1+ptm on input line 117.

(/usr/share/texlive/texmf-dist/tex/latex/psnfss/t1ptm.fd
File: t1ptm.fd 2001/06/04 font definitions for T1/ptm.
)
(/usr/share/texlive/texmf-dist/tex/context/base/supp-pdf.mkii
[Loading MPS to PDF converter (version 2006.09.02).]
\scratchcounter=\count124
\scratchdimen=\dimen141
\scratchbox=\box40
\nofMPsegments=\count125
\nofMParguments=\count126
\everyMPshowfont=\toks30
\MPscratchCnt=\count127
\MPscratchDim=\dimen142
\MPnumerator=\count128
\makeMPintoPDFobject=\count129
\everyMPtoPDFconversion=\toks31
) (/usr/share/texlive/texmf-dist/tex/latex/oberdiek/epstopdf-base.sty
Package: epstopdf-base 2010/02/09 v2.5 Base part for package epstopdf

(/usr/share/texlive/texmf-dist/tex/latex/oberdiek/grfext.sty
Package: grfext 2010/08/19 v1.1 Manage graphics extensions (HO)
)
Package grfext Info: Graphics extension search list:
(grfext)             [.png,.pdf,.jpg,.mps,.jpeg,.jbig2,.jb2,.PNG,.PDF,.JPG,.JPE
G,.JBIG2,.JB2,.eps]
(grfext)             \AppendGraphicsExtensions on input line 452.

(/usr/share/texlive/texmf-dist/tex/latex/latexconfig/epstopdf-sys.cfg
File: epstopdf-sys.cfg 2010/07/13 v1.3 Configuration of (r)epstopdf for TeX Liv
e
))
\AtBeginShipoutBox=\box41
Package hyperref Info: Link coloring ON on input line 117.

(/usr/share/texlive/texmf-dist/tex/latex/hyperref/nameref.sty
Package: nameref 2012/10/27 v2.43 Cross-referencing by name of section

(/usr/share/texlive/texmf-dist/tex/generic/oberdiek/gettitlestring.sty
Package: gettitlestring 2010/12/03 v1.4 Cleanup title references (HO)
)
\c@section@level=\count130
)
LaTeX Info: Redefining \ref on input line 117.
LaTeX Info: Redefining \pageref on input line 117.
LaTeX Info: Redefining \nameref on input line 117.

(./ownCloudDeveloperManual.out) (./ownCloudDeveloperManual.out)
\@outlinefile=\write6
\openout6 = `ownCloudDeveloperManual.out'.


Underfull \hbox (badness 10000) in paragraph at lines 120--120

 []

<logo-blue.pdf, id=214, 43.362pt x 25.696pt>
File: logo-blue.pdf Graphic file (type pdf)
 <use logo-blue.pdf>
Package pdftex.def Info: logo-blue.pdf used on input line 120.
(pdftex.def)             Requested size: 43.36188pt x 25.69592pt.
File: logo-blue.pdf Graphic file (type pdf)

<use logo-blue.pdf>
Package pdftex.def Info: logo-blue.pdf used on input line 120.
(pdftex.def)             Requested size: 43.36188pt x 25.69592pt.
LaTeX Font Info:    Try loading font information for T1+phv on input line 120.
 (/usr/share/texlive/texmf-dist/tex/latex/psnfss/t1phv.fd
File: t1phv.fd 2001/06/04 scalable font definitions for T1/phv.
)
LaTeX Font Info:    Font shape `T1/phv/bx/n' in size <24.88> not available
(Font)              Font shape `T1/phv/b/n' tried instead on input line 120.
LaTeX Font Info:    Font shape `T1/phv/m/it' in size <17.28> not available
(Font)              Font shape `T1/phv/m/sl' tried instead on input line 120.
LaTeX Font Info:    Font shape `T1/phv/bx/it' in size <17.28> not available
(Font)              Font shape `T1/phv/b/it' tried instead on input line 120.
LaTeX Font Info:    Font shape `T1/phv/b/it' in size <17.28> not available
(Font)              Font shape `T1/phv/b/sl' tried instead on input line 120.
LaTeX Font Info:    Font shape `T1/phv/bx/n' in size <17.28> not available
(Font)              Font shape `T1/phv/b/n' tried instead on input line 120.
<<ot1.cmap>><<oml.cmap>><<oms.cmap>><<omx.cmap>> [1

{/var/lib/texmf/fonts/map/pdftex/updmap/pdftex.map} <./logo-blue.pdf>] [2

] (./ownCloudDeveloperManual.toc
LaTeX Font Info:    Font shape `T1/ptm/bx/n' in size <10> not available
(Font)              Font shape `T1/ptm/b/n' tried instead on input line 2.
LaTeX Font Info:    Font shape `T1/phv/bx/n' in size <10> not available
(Font)              Font shape `T1/phv/b/n' tried instead on input line 395.

[1

])
\tf@toc=\write7
\openout7 = `ownCloudDeveloperManual.toc'.

 [2]

LaTeX Warning: Hyper reference `app/index::doc' on page 1 undefined on input li
ne 129.

LaTeX Font Info:    Font shape `T1/ptm/bx/it' in size <10> not available
(Font)              Font shape `T1/ptm/b/it' tried instead on input line 129.

LaTeX Warning: Hyper reference `core/index::doc' on page 1 undefined on input l
ine 136.


Underfull \hbox (badness 5696) in paragraph at lines 156--159
[]\T1/ptm/m/n/10 Report, triage or fix
 []


Underfull \hbox (badness 10000) in paragraph at lines 162--165
[]\T1/ptm/m/n/10 Translate own-Cloud
 []


Underfull \hbox (badness 10000) in paragraph at lines 175--177
[]
 []


Underfull \hbox (badness 10000) in paragraph at lines 180--182
[]
 []


Overfull \hbox (14.58386pt too wide) in paragraph at lines 126--186
[][] 
 []

[1

] [2

]
Chapter 1.
LaTeX Font Info:    Font shape `T1/phv/bx/n' in size <14.4> not available
(Font)              Font shape `T1/phv/b/n' tried instead on input line 189.
LaTeX Font Info:    Font shape `T1/ptm/bx/n' in size <14.4> not available
(Font)              Font shape `T1/ptm/b/n' tried instead on input line 189.
LaTeX Font Info:    Font shape `T1/ptm/bx/n' in size <24.88> not available
(Font)              Font shape `T1/ptm/b/n' tried instead on input line 189.
LaTeX Font Info:    Font shape `T1/phv/bx/n' in size <12> not available
(Font)              Font shape `T1/phv/b/n' tried instead on input line 195.
LaTeX Font Info:    Try loading font information for TS1+ptm on input line 211.

(/usr/share/texlive/texmf-dist/tex/latex/psnfss/ts1ptm.fd
File: ts1ptm.fd 2001/06/04 font definitions for TS1/ptm.
) [3] [4] [5]
LaTeX Font Info:    Font shape `T1/phv/bx/n' in size <9> not available
(Font)              Font shape `T1/phv/b/n' tried instead on input line 334.
LaTeX Font Info:    Try loading font information for T1+pcr on input line 372.

(/usr/share/texlive/texmf-dist/tex/latex/psnfss/t1pcr.fd
File: t1pcr.fd 2001/06/04 font definitions for T1/pcr.
) [6]
Underfull \hbox (badness 10000) in paragraph at lines 438--440
\T1/ptm/b/n/10 Note:  \T1/ptm/m/n/10 All App Frame-work se-cu-rity fea-tures de
-pend on the call of the con-troller through
 []

LaTeX Font Info:    Font shape `T1/pcr/m/it' in size <9> not available
(Font)              Font shape `T1/pcr/m/sl' tried instead on input line 450.
LaTeX Font Info:    Font shape `T1/pcr/bx/n' in size <9> not available
(Font)              Font shape `T1/pcr/b/n' tried instead on input line 453.
[7] [8] [9] [10] [11] [12] [13] [14] [15] [16] [17] [18] [19] [20] [21]
[22] [23] [24]
Overfull \hbox (29.76065pt too wide) in paragraph at lines 1665--1666
[]\T1/ptm/b/n/10 \OCP\IServerContainer::getDb \T1/ptm/m/n/10 has been dep-re-ca
ted in favour of \T1/ptm/b/n/10 \OCP\IServerContainer::getDatabaseConnection 
 []


Underfull \hbox (badness 10000) in paragraph at lines 1668--1669
[]\T1/ptm/b/n/10 \OCP\IServerContainer::getHTTPHelper \T1/ptm/m/n/10 has been d
ep-re-cated in favour of
 []


Underfull \hbox (badness 10000) in paragraph at lines 1691--1692
[]\T1/ptm/b/n/10 OCP\Users::getDisplayNames \T1/ptm/m/n/10 has been dep-re-cate
d in favour of
 []


Underfull \hbox (badness 10000) in paragraph at lines 1735--1736
[]\T1/ptm/m/n/10 The \T1/ptm/b/n/10 ex-e-cute \T1/ptm/m/n/10 method on \T1/ptm/
b/n/10 OCP\AppFramework\Db\Mapper \T1/ptm/m/n/10 no longer re-turns an in-stanc
e of
 []

[25] [26] [27]
Underfull \hbox (badness 7238) in paragraph at lines 1901--1902
[]\T1/ptm/m/n/10 This route calls the con-troller \T1/ptm/b/n/10 OCA\OwnNotes\P
ageController->index() \T1/ptm/m/n/10 method which is de-fined in
 []


Underfull \hbox (badness 7925) in paragraph at lines 1901--1902
\T1/ptm/b/n/10 own-notes/lib/Controller/PageController.php\T1/ptm/m/n/10 . The 
con-troller re-turns a [][]\T1/ptm/m/it/10 tem-plate[][]\T1/ptm/m/n/10 , in thi
s case \T1/ptm/b/n/10 own-
 []

[28]
Underfull \vbox (badness 2547) detected at line 2014
 []

[29] [30] [31] [32]
Underfull \vbox (badness 10000) detected at line 2263
 []


Underfull \vbox (badness 10000) detected at line 2263
 []

[33]
Underfull \hbox (badness 10000) in paragraph at lines 2265--2267
\T1/ptm/b/n/10 Note:  \T1/ptm/m/n/10 The ac-tual ex-cep-tions are \T1/ptm/b/n/1
0 OCP\AppFramework\Db\DoesNotExistException \T1/ptm/m/n/10 and
 []


Underfull \hbox (badness 6608) in paragraph at lines 2278--2279
[]\T1/ptm/m/n/10 Let's take the logic that was in-side the con-troller and put 
it into a sep-a-rate class in-side \T1/ptm/b/n/10 own-
 []

[34]
Underfull \vbox (badness 3158) detected at line 2368
 []

[35] [36]
Underfull \vbox (badness 10000) detected at line 2489
 []


Underfull \vbox (badness 10000) detected at line 2489
 []

[37] [38] [39] [40] [41] [42] [43] [44] [45]
Underfull \vbox (badness 10000) detected at line 3142
 []


Underfull \vbox (badness 10000) detected at line 3142
 []

[46]
Underfull \vbox (badness 10000) detected at line 3142
 []


Underfull \vbox (badness 10000) detected at line 3142
 []

[47]
Underfull \vbox (badness 10000) detected at line 3142
 []


Underfull \vbox (badness 10000) detected at line 3142
 []

[48] [49] [50] [51] [52] [53] [54] [55]
Underfull \hbox (badness 5119) in paragraph at lines 3614--3616
[]\T1/ptm/m/n/10 A sec-ond PSR-4 root is avail-able when run-ning tests. \T1/pt
m/b/n/10 \OCA\MyApp\Tests \T1/ptm/m/n/10 is thereby mapped to
 []

[56]
Underfull \hbox (badness 10000) in paragraph at lines 3669--3670
[]\T1/ptm/b/n/10 In other words\T1/ptm/m/n/10 : In or-der for the Page-Con-trol
ler class to be au-toloaded,
 []


Underfull \hbox (badness 10000) in paragraph at lines 3669--3670
\T1/ptm/m/n/10 the class \T1/ptm/b/n/10 \OCA\MyApp\Controller\PageController \T
1/ptm/m/n/10 needs to be stored in the
 []

[57] [58] [59] [60] [61] [62] [63] [64] [65] [66] [67] [68] [69] [70] [71]
[72] [73] [74] [75] [76] [77] [78] [79] [80] [81]
Underfull \hbox (badness 10000) in paragraph at lines 5368--5369
[]\T1/ptm/m/n/10 If you want to use a cus-tom, lazily ren-dered re-sponse sim-p
ly im-ple-ment the in-ter-face
 []

[82] [83] [84] [85] [86] [87]
Underfull \hbox (badness 10000) in paragraph at lines 5767--5769
[]\T1/ptm/m/n/10 If the script file is only needed when the file list is dis-pl
ayed, you should lis-ten to the
 []

[88] [89] [90] [91] [92] [93] <breadcrumb.png, id=1027, 14.0525pt x 44.165pt>
File: breadcrumb.png Graphic file (type png)

<use breadcrumb.png>
Package pdftex.def Info: breadcrumb.png used on input line 6136.
(pdftex.def)             Requested size: 14.05246pt x 44.16487pt.
File: breadcrumb.png Graphic file (type png)
 <use breadcrumb.png>
Package pdftex.def Info: breadcrumb.png used on input line 6136.
(pdftex.def)             Requested size: 14.05246pt x 44.16487pt.

<loading.png, id=1028, 32.12pt x 32.12pt>
File: loading.png Graphic file (type png)
 <use loading.png>
Package pdftex.def Info: loading.png used on input line 6142.
(pdftex.def)             Requested size: 32.1199pt x 32.1199pt.
File: loading.png Graphic file (type png)
 <use loading.png>
Package pdftex.def Info: loading.png used on input line 6142.
(pdftex.def)             Requested size: 32.1199pt x 32.1199pt.

<loading-dark.png, id=1029, 32.12pt x 32.12pt>
File: loading-dark.png Graphic file (type png)
 <use loading-dark.png>
Package pdftex.def Info: loading-dark.png used on input line 6148.
(pdftex.def)             Requested size: 32.1199pt x 32.1199pt.
File: loading-dark.png Graphic file (type png)

<use loading-dark.png>
Package pdftex.def Info: loading-dark.png used on input line 6148.
(pdftex.def)             Requested size: 32.1199pt x 32.1199pt.
 <loading-small.png, id=1030, 16.06pt x 16.06pt>
File: loading-small.png Graphic file (type png)

<use loading-small.png>
Package pdftex.def Info: loading-small.png used on input line 6154.
(pdftex.def)             Requested size: 16.05995pt x 16.05995pt.
File: loading-small.png Graphic file (type png)
 <use loading-small.png>
Package pdftex.def Info: loading-small.png used on input line 6154.
(pdftex.def)             Requested size: 16.05995pt x 16.05995pt.

<add.png, id=1031, 16.06pt x 16.06pt>
File: add.png Graphic file (type png)
 <use add.png>
Package pdftex.def Info: add.png used on input line 6160.
(pdftex.def)             Requested size: 16.05995pt x 16.05995pt.
File: add.png Graphic file (type png)
 <use add.png>
Package pdftex.def Info: add.png used on input line 6160.
(pdftex.def)             Requested size: 16.05995pt x 16.05995pt.

<caret.png, id=1032, 10.0375pt x 10.0375pt>
File: caret.png Graphic file (type png)
 <use caret.png>
Package pdftex.def Info: caret.png used on input line 6166.
(pdftex.def)             Requested size: 10.03746pt x 10.03746pt.
File: caret.png Graphic file (type png)
 <use caret.png>
Package pdftex.def Info: caret.png used on input line 6166.
(pdftex.def)             Requested size: 10.03746pt x 10.03746pt.

<caret-dark.png, id=1033, 16.06pt x 16.06pt>
File: caret-dark.png Graphic file (type png)
 <use caret-dark.png>
Package pdftex.def Info: caret-dark.png used on input line 6172.
(pdftex.def)             Requested size: 16.05995pt x 16.05995pt.
File: caret-dark.png Graphic file (type png)

<use caret-dark.png>
Package pdftex.def Info: caret-dark.png used on input line 6172.
(pdftex.def)             Requested size: 16.05995pt x 16.05995pt.
 <checkmark.png, id=1034, 16.06pt x 16.06pt>
File: checkmark.png Graphic file (type png)

<use checkmark.png>
Package pdftex.def Info: checkmark.png used on input line 6178.
(pdftex.def)             Requested size: 16.05995pt x 16.05995pt.
File: checkmark.png Graphic file (type png)
 <use checkmark.png>
Package pdftex.def Info: checkmark.png used on input line 6178.
(pdftex.def)             Requested size: 16.05995pt x 16.05995pt.

<checkmark-white.png, id=1036, 16.06pt x 16.06pt>
File: checkmark-white.png Graphic file (type png)
 <use checkmark-white.png>
Package pdftex.def Info: checkmark-white.png used on input line 6184.
(pdftex.def)             Requested size: 16.05995pt x 16.05995pt.
File: checkmark-white.png Graphic file (type png)

<use checkmark-white.png>
Package pdftex.def Info: checkmark-white.png used on input line 6184.
(pdftex.def)             Requested size: 16.05995pt x 16.05995pt.
 <clock.png, id=1037, 16.06pt x 16.06pt>
File: clock.png Graphic file (type png)

<use clock.png>
Package pdftex.def Info: clock.png used on input line 6190.
(pdftex.def)             Requested size: 16.05995pt x 16.05995pt.
File: clock.png Graphic file (type png)
 <use clock.png>
Package pdftex.def Info: clock.png used on input line 6190.
(pdftex.def)             Requested size: 16.05995pt x 16.05995pt.
 <close.png, id=1038, 16.06pt x 16.06pt>
File: close.png Graphic file (type png)

<use close.png>
Package pdftex.def Info: close.png used on input line 6196.
(pdftex.def)             Requested size: 16.05995pt x 16.05995pt.
File: close.png Graphic file (type png)
 <use close.png>
Package pdftex.def Info: close.png used on input line 6196.
(pdftex.def)             Requested size: 16.05995pt x 16.05995pt.
 <confirm.png, id=1039, 16.06pt x 16.06pt>
File: confirm.png Graphic file (type png)

<use confirm.png>
Package pdftex.def Info: confirm.png used on input line 6202.
(pdftex.def)             Requested size: 16.05995pt x 16.05995pt.
File: confirm.png Graphic file (type png)
 <use confirm.png>
Package pdftex.def Info: confirm.png used on input line 6202.
(pdftex.def)             Requested size: 16.05995pt x 16.05995pt.
 <delete.png, id=1040, 12.848pt x 12.848pt>
File: delete.png Graphic file (type png)

<use delete.png>
Package pdftex.def Info: delete.png used on input line 6208.
(pdftex.def)             Requested size: 12.84796pt x 12.84796pt.
File: delete.png Graphic file (type png)
 <use delete.png>
Package pdftex.def Info: delete.png used on input line 6208.
(pdftex.def)             Requested size: 12.84796pt x 12.84796pt.
 <download.png, id=1041, 16.06pt x 16.06pt>
File: download.png Graphic file (type png)

<use download.png>
Package pdftex.def Info: download.png used on input line 6214.
(pdftex.def)             Requested size: 16.05995pt x 16.05995pt.
File: download.png Graphic file (type png)
 <use download.png>
Package pdftex.def Info: download.png used on input line 6214.
(pdftex.def)             Requested size: 16.05995pt x 16.05995pt.

<history.png, id=1042, 15.05624pt x 13.04875pt>
File: history.png Graphic file (type png)
 <use history.png>
Package pdftex.def Info: history.png used on input line 6220.
(pdftex.def)             Requested size: 15.0562pt x 13.0487pt.
File: history.png Graphic file (type png)

<use history.png>
Package pdftex.def Info: history.png used on input line 6220.
(pdftex.def)             Requested size: 15.0562pt x 13.0487pt.
 [94 <./breadcrumb.png> <./loading.png> <./loading-dark.png> <./loading-small.p
ng> <./add.png> <./caret.png> <./caret-dark.png> <./checkmark.png> <./checkmark
-white.png> <./clock.png> <./close.png> <./confirm.png> <./delete.png> <./downl
oad.png>] <info.png, id=1062, 16.06pt x 16.06pt>
File: info.png Graphic file (type png)

<use info.png>
Package pdftex.def Info: info.png used on input line 6226.
(pdftex.def)             Requested size: 16.05995pt x 16.05995pt.
File: info.png Graphic file (type png)
 <use info.png>
Package pdftex.def Info: info.png used on input line 6226.
(pdftex.def)             Requested size: 16.05995pt x 16.05995pt.
 <lock.png, id=1063, 16.06pt x 16.06pt>
File: lock.png Graphic file (type png)

<use lock.png>
Package pdftex.def Info: lock.png used on input line 6232.
(pdftex.def)             Requested size: 16.05995pt x 16.05995pt.
File: lock.png Graphic file (type png)
 <use lock.png>
Package pdftex.def Info: lock.png used on input line 6232.
(pdftex.def)             Requested size: 16.05995pt x 16.05995pt.
 <logout.png, id=1064, 16.06pt x 16.06pt>
File: logout.png Graphic file (type png)

<use logout.png>
Package pdftex.def Info: logout.png used on input line 6238.
(pdftex.def)             Requested size: 16.05995pt x 16.05995pt.
File: logout.png Graphic file (type png)
 <use logout.png>
Package pdftex.def Info: logout.png used on input line 6238.
(pdftex.def)             Requested size: 16.05995pt x 16.05995pt.
 <mail.png, id=1065, 16.06pt x 16.06pt>
File: mail.png Graphic file (type png)

<use mail.png>
Package pdftex.def Info: mail.png used on input line 6244.
(pdftex.def)             Requested size: 16.05995pt x 16.05995pt.
File: mail.png Graphic file (type png)
 <use mail.png>
Package pdftex.def Info: mail.png used on input line 6244.
(pdftex.def)             Requested size: 16.05995pt x 16.05995pt.
 <more.png, id=1066, 16.06pt x 16.06pt>
File: more.png Graphic file (type png)

<use more.png>
Package pdftex.def Info: more.png used on input line 6250.
(pdftex.def)             Requested size: 16.05995pt x 16.05995pt.
File: more.png Graphic file (type png)
 <use more.png>
Package pdftex.def Info: more.png used on input line 6250.
(pdftex.def)             Requested size: 16.05995pt x 16.05995pt.
 <password.png, id=1067, 16.06pt x 16.06pt>
File: password.png Graphic file (type png)

<use password.png>
Package pdftex.def Info: password.png used on input line 6256.
(pdftex.def)             Requested size: 16.05995pt x 16.05995pt.
File: password.png Graphic file (type png)
 <use password.png>
Package pdftex.def Info: password.png used on input line 6256.
(pdftex.def)             Requested size: 16.05995pt x 16.05995pt.
 <pause.png, id=1068, 16.06pt x 16.06pt>
File: pause.png Graphic file (type png)

<use pause.png>
Package pdftex.def Info: pause.png used on input line 6262.
(pdftex.def)             Requested size: 16.05995pt x 16.05995pt.
File: pause.png Graphic file (type png)
 <use pause.png>
Package pdftex.def Info: pause.png used on input line 6262.
(pdftex.def)             Requested size: 16.05995pt x 16.05995pt.
 <pause-big.png, id=1069, 16.06pt x 16.06pt>
File: pause-big.png Graphic file (type png)

<use pause-big.png>
Package pdftex.def Info: pause-big.png used on input line 6268.
(pdftex.def)             Requested size: 16.05995pt x 16.05995pt.
File: pause-big.png Graphic file (type png)
 <use pause-big.png>
Package pdftex.def Info: pause-big.png used on input line 6268.
(pdftex.def)             Requested size: 16.05995pt x 16.05995pt.
 <play.png, id=1070, 16.06pt x 16.06pt>
File: play.png Graphic file (type png)

<use play.png>
Package pdftex.def Info: play.png used on input line 6274.
(pdftex.def)             Requested size: 16.05995pt x 16.05995pt.
File: play.png Graphic file (type png)
 <use play.png>
Package pdftex.def Info: play.png used on input line 6274.
(pdftex.def)             Requested size: 16.05995pt x 16.05995pt.
 <play-add.png, id=1071, 16.06pt x 16.06pt>
File: play-add.png Graphic file (type png)

<use play-add.png>
Package pdftex.def Info: play-add.png used on input line 6280.
(pdftex.def)             Requested size: 16.05995pt x 16.05995pt.
File: play-add.png Graphic file (type png)
 <use play-add.png>
Package pdftex.def Info: play-add.png used on input line 6280.
(pdftex.def)             Requested size: 16.05995pt x 16.05995pt.

<play-big.png, id=1072, 16.06pt x 16.06pt>
File: play-big.png Graphic file (type png)
 <use play-big.png>
Package pdftex.def Info: play-big.png used on input line 6286.
(pdftex.def)             Requested size: 16.05995pt x 16.05995pt.
File: play-big.png Graphic file (type png)

<use play-big.png>
Package pdftex.def Info: play-big.png used on input line 6286.
(pdftex.def)             Requested size: 16.05995pt x 16.05995pt.
 <play-next.png, id=1073, 16.06pt x 16.06pt>
File: play-next.png Graphic file (type png)

<use play-next.png>
Package pdftex.def Info: play-next.png used on input line 6292.
(pdftex.def)             Requested size: 16.05995pt x 16.05995pt.
File: play-next.png Graphic file (type png)
 <use play-next.png>
Package pdftex.def Info: play-next.png used on input line 6292.
(pdftex.def)             Requested size: 16.05995pt x 16.05995pt.

<play-previous.png, id=1074, 16.06pt x 16.06pt>
File: play-previous.png Graphic file (type png)
 <use play-previous.png>
Package pdftex.def Info: play-previous.png used on input line 6298.
(pdftex.def)             Requested size: 16.05995pt x 16.05995pt.
File: play-previous.png Graphic file (type png)

<use play-previous.png>
Package pdftex.def Info: play-previous.png used on input line 6298.
(pdftex.def)             Requested size: 16.05995pt x 16.05995pt.
 <public.png, id=1075, 16.06pt x 16.06pt>
File: public.png Graphic file (type png)

<use public.png>
Package pdftex.def Info: public.png used on input line 6304.
(pdftex.def)             Requested size: 16.05995pt x 16.05995pt.
File: public.png Graphic file (type png)
 <use public.png>
Package pdftex.def Info: public.png used on input line 6304.
(pdftex.def)             Requested size: 16.05995pt x 16.05995pt.
 <rename.png, id=1076, 16.06pt x 16.06pt>
File: rename.png Graphic file (type png)

<use rename.png>
Package pdftex.def Info: rename.png used on input line 6310.
(pdftex.def)             Requested size: 16.05995pt x 16.05995pt.
File: rename.png Graphic file (type png)
 <use rename.png>
Package pdftex.def Info: rename.png used on input line 6310.
(pdftex.def)             Requested size: 16.05995pt x 16.05995pt.
 <search.png, id=1077, 16.06pt x 16.06pt>
File: search.png Graphic file (type png)

<use search.png>
Package pdftex.def Info: search.png used on input line 6316.
(pdftex.def)             Requested size: 16.05995pt x 16.05995pt.
File: search.png Graphic file (type png)
 <use search.png>
Package pdftex.def Info: search.png used on input line 6316.
(pdftex.def)             Requested size: 16.05995pt x 16.05995pt.
 <settings.png, id=1078, 16.06pt x 16.06pt>
File: settings.png Graphic file (type png)

<use settings.png>
Package pdftex.def Info: settings.png used on input line 6322.
(pdftex.def)             Requested size: 16.05995pt x 16.05995pt.
File: settings.png Graphic file (type png)
 <use settings.png>
Package pdftex.def Info: settings.png used on input line 6322.
(pdftex.def)             Requested size: 16.05995pt x 16.05995pt.
 <share.png, id=1079, 16.06pt x 16.06pt>
File: share.png Graphic file (type png)

<use share.png>
Package pdftex.def Info: share.png used on input line 6328.
(pdftex.def)             Requested size: 16.05995pt x 16.05995pt.
File: share.png Graphic file (type png)
 <use share.png>
Package pdftex.def Info: share.png used on input line 6328.
(pdftex.def)             Requested size: 16.05995pt x 16.05995pt.
 <shared.png, id=1080, 16.06pt x 16.06pt>
File: shared.png Graphic file (type png)

<use shared.png>
Package pdftex.def Info: shared.png used on input line 6334.
(pdftex.def)             Requested size: 16.05995pt x 16.05995pt.
File: shared.png Graphic file (type png)
 <use shared.png>
Package pdftex.def Info: shared.png used on input line 6334.
(pdftex.def)             Requested size: 16.05995pt x 16.05995pt.
 <sound.png, id=1081, 16.06pt x 16.06pt>
File: sound.png Graphic file (type png)

<use sound.png>
Package pdftex.def Info: sound.png used on input line 6340.
(pdftex.def)             Requested size: 16.05995pt x 16.05995pt.
File: sound.png Graphic file (type png)
 <use sound.png>
Package pdftex.def Info: sound.png used on input line 6340.
(pdftex.def)             Requested size: 16.05995pt x 16.05995pt.
 <sound-off.png, id=1082, 16.06pt x 16.06pt>
File: sound-off.png Graphic file (type png)

<use sound-off.png>
Package pdftex.def Info: sound-off.png used on input line 6346.
(pdftex.def)             Requested size: 16.05995pt x 16.05995pt.
File: sound-off.png Graphic file (type png)
 <use sound-off.png>
Package pdftex.def Info: sound-off.png used on input line 6346.
(pdftex.def)             Requested size: 16.05995pt x 16.05995pt.

<star.png, id=1083, 22.0825pt x 22.0825pt>
File: star.png Graphic file (type png)
 <use star.png>
Package pdftex.def Info: star.png used on input line 6352.
(pdftex.def)             Requested size: 22.08243pt x 22.08243pt.
File: star.png Graphic file (type png)
 <use star.png>
Package pdftex.def Info: star.png used on input line 6352.
(pdftex.def)             Requested size: 22.08243pt x 22.08243pt.

<starred.png, id=1084, 22.0825pt x 22.0825pt>
File: starred.png Graphic file (type png)
 <use starred.png>
Package pdftex.def Info: starred.png used on input line 6358.
(pdftex.def)             Requested size: 22.08243pt x 22.08243pt.
File: starred.png Graphic file (type png)

<use starred.png>
Package pdftex.def Info: starred.png used on input line 6358.
(pdftex.def)             Requested size: 22.08243pt x 22.08243pt.
 <toggle.png, id=1085, 24.09pt x 14.0525pt>
File: toggle.png Graphic file (type png)
 <use toggle.png>
Package pdftex.def Info: toggle.png used on input line 6364.
(pdftex.def)             Requested size: 24.08992pt x 14.05246pt.
File: toggle.png Graphic file (type png)

<use toggle.png>
Package pdftex.def Info: toggle.png used on input line 6364.
(pdftex.def)             Requested size: 24.08992pt x 14.05246pt.
 <triangle-e.png, id=1086, 16.06pt x 16.06pt>
File: triangle-e.png Graphic file (type png)

<use triangle-e.png>
Package pdftex.def Info: triangle-e.png used on input line 6370.
(pdftex.def)             Requested size: 16.05995pt x 16.05995pt.
File: triangle-e.png Graphic file (type png)
 <use triangle-e.png>
Package pdftex.def Info: triangle-e.png used on input line 6370.
(pdftex.def)             Requested size: 16.05995pt x 16.05995pt.

<triangle-n.png, id=1087, 16.06pt x 16.06pt>
File: triangle-n.png Graphic file (type png)
 <use triangle-n.png>
Package pdftex.def Info: triangle-n.png used on input line 6376.
(pdftex.def)             Requested size: 16.05995pt x 16.05995pt.
File: triangle-n.png Graphic file (type png)

<use triangle-n.png>
Package pdftex.def Info: triangle-n.png used on input line 6376.
(pdftex.def)             Requested size: 16.05995pt x 16.05995pt.
 [95 <./history.png> <./info.png> <./lock.png> <./logout.png> <./mail.png> <./m
ore.png> <./password.png> <./pause.png> <./pause-big.png> <./play.png> <./play-
add.png> <./play-big.png> <./play-next.png> <./play-previous.png> <./public.png
> <./rename.png> <./search.png> <./settings.png> <./share.png> <./shared.png> <
./sound.png> <./sound-off.png> <./star.png> <./starred.png> <./toggle.png> <./t
riangle-e.png>]
<triangle-s.png, id=1118, 16.06pt x 16.06pt>
File: triangle-s.png Graphic file (type png)
 <use triangle-s.png>
Package pdftex.def Info: triangle-s.png used on input line 6382.
(pdftex.def)             Requested size: 16.05995pt x 16.05995pt.
File: triangle-s.png Graphic file (type png)

<use triangle-s.png>
Package pdftex.def Info: triangle-s.png used on input line 6382.
(pdftex.def)             Requested size: 16.05995pt x 16.05995pt.
 <upload.png, id=1119, 16.06pt x 16.06pt>
File: upload.png Graphic file (type png)
 <use upload.png>
Package pdftex.def Info: upload.png used on input line 6388.
(pdftex.def)             Requested size: 16.05995pt x 16.05995pt.
File: upload.png Graphic file (type png)

<use upload.png>
Package pdftex.def Info: upload.png used on input line 6388.
(pdftex.def)             Requested size: 16.05995pt x 16.05995pt.
 <upload-white.png, id=1120, 16.06pt x 16.06pt>
File: upload-white.png Graphic file (type png)

<use upload-white.png>
Package pdftex.def Info: upload-white.png used on input line 6394.
(pdftex.def)             Requested size: 16.05995pt x 16.05995pt.
File: upload-white.png Graphic file (type png)
 <use upload-white.png>
Package pdftex.def Info: upload-white.png used on input line 6394.
(pdftex.def)             Requested size: 16.05995pt x 16.05995pt.

<user.png, id=1121, 16.06pt x 16.06pt>
File: user.png Graphic file (type png)
 <use user.png>
Package pdftex.def Info: user.png used on input line 6400.
(pdftex.def)             Requested size: 16.05995pt x 16.05995pt.
File: user.png Graphic file (type png)
 <use user.png>
Package pdftex.def Info: user.png used on input line 6400.
(pdftex.def)             Requested size: 16.05995pt x 16.05995pt.

<view-close.png, id=1122, 32.12pt x 32.12pt>
File: view-close.png Graphic file (type png)
 <use view-close.png>
Package pdftex.def Info: view-close.png used on input line 6406.
(pdftex.def)             Requested size: 32.1199pt x 32.1199pt.
File: view-close.png Graphic file (type png)

<use view-close.png>
Package pdftex.def Info: view-close.png used on input line 6406.
(pdftex.def)             Requested size: 32.1199pt x 32.1199pt.
 <view-next.png, id=1123, 32.12pt x 32.12pt>
File: view-next.png Graphic file (type png)

<use view-next.png>
Package pdftex.def Info: view-next.png used on input line 6412.
(pdftex.def)             Requested size: 32.1199pt x 32.1199pt.
File: view-next.png Graphic file (type png)
 <use view-next.png>
Package pdftex.def Info: view-next.png used on input line 6412.
(pdftex.def)             Requested size: 32.1199pt x 32.1199pt.

<view-pause.png, id=1124, 32.12pt x 32.12pt>
File: view-pause.png Graphic file (type png)
 <use view-pause.png>
Package pdftex.def Info: view-pause.png used on input line 6418.
(pdftex.def)             Requested size: 32.1199pt x 32.1199pt.
File: view-pause.png Graphic file (type png)

<use view-pause.png>
Package pdftex.def Info: view-pause.png used on input line 6418.
(pdftex.def)             Requested size: 32.1199pt x 32.1199pt.
 <view-play.png, id=1125, 32.12pt x 32.12pt>
File: view-play.png Graphic file (type png)

<use view-play.png>
Package pdftex.def Info: view-play.png used on input line 6424.
(pdftex.def)             Requested size: 32.1199pt x 32.1199pt.
File: view-play.png Graphic file (type png)
 <use view-play.png>
Package pdftex.def Info: view-play.png used on input line 6424.
(pdftex.def)             Requested size: 32.1199pt x 32.1199pt.

<view-previous.png, id=1126, 32.12pt x 32.12pt>
File: view-previous.png Graphic file (type png)
 <use view-previous.png>
Package pdftex.def Info: view-previous.png used on input line 6430.
(pdftex.def)             Requested size: 32.1199pt x 32.1199pt.
File: view-previous.png Graphic file (type png)

<use view-previous.png>
Package pdftex.def Info: view-previous.png used on input line 6430.
(pdftex.def)             Requested size: 32.1199pt x 32.1199pt.
 <calendar-dark.png, id=1127, 32.12pt x 32.12pt>
File: calendar-dark.png Graphic file (type png)

<use calendar-dark.png>
Package pdftex.def Info: calendar-dark.png used on input line 6436.
(pdftex.def)             Requested size: 32.1199pt x 32.1199pt.
File: calendar-dark.png Graphic file (type png)
 <use calendar-dark.png>
Package pdftex.def Info: calendar-dark.png used on input line 6436.
(pdftex.def)             Requested size: 32.1199pt x 32.1199pt.

<contacts-dark.png, id=1128, 32.12pt x 32.12pt>
File: contacts-dark.png Graphic file (type png)
 <use contacts-dark.png>
Package pdftex.def Info: contacts-dark.png used on input line 6442.
(pdftex.def)             Requested size: 32.1199pt x 32.1199pt.
File: contacts-dark.png Graphic file (type png)

<use contacts-dark.png>
Package pdftex.def Info: contacts-dark.png used on input line 6442.
(pdftex.def)             Requested size: 32.1199pt x 32.1199pt.
 <file.png, id=1129, 16.06pt x 16.06pt>
File: file.png Graphic file (type png)
 <use file.png>
Package pdftex.def Info: file.png used on input line 6448.
(pdftex.def)             Requested size: 16.05995pt x 16.05995pt.
File: file.png Graphic file (type png)

<use file.png>
Package pdftex.def Info: file.png used on input line 6448.
(pdftex.def)             Requested size: 16.05995pt x 16.05995pt.
 <files.png, id=1130, 32.12pt x 32.12pt>
File: files.png Graphic file (type png)
 <use files.png>
Package pdftex.def Info: files.png used on input line 6454.
(pdftex.def)             Requested size: 32.1199pt x 32.1199pt.
File: files.png Graphic file (type png)

<use files.png>
Package pdftex.def Info: files.png used on input line 6454.
(pdftex.def)             Requested size: 32.1199pt x 32.1199pt.
 <folder.png, id=1131, 16.06pt x 16.06pt>
File: folder.png Graphic file (type png)
 <use folder.png>
Package pdftex.def Info: folder.png used on input line 6460.
(pdftex.def)             Requested size: 16.05995pt x 16.05995pt.
File: folder.png Graphic file (type png)

<use folder.png>
Package pdftex.def Info: folder.png used on input line 6460.
(pdftex.def)             Requested size: 16.05995pt x 16.05995pt.
 <text.png, id=1132, 32.12pt x 32.12pt>
File: text.png Graphic file (type png)
 <use text.png>
Package pdftex.def Info: text.png used on input line 6466.
(pdftex.def)             Requested size: 32.1199pt x 32.1199pt.
File: text.png Graphic file (type png)

<use text.png>
Package pdftex.def Info: text.png used on input line 6466.
(pdftex.def)             Requested size: 32.1199pt x 32.1199pt.
 <folder1.png, id=1133, 32.12pt x 32.12pt>
File: folder1.png Graphic file (type png)
 <use folder1.png>
Package pdftex.def Info: folder1.png used on input line 6472.
(pdftex.def)             Requested size: 32.1199pt x 32.1199pt.
File: folder1.png Graphic file (type png)

<use folder1.png>
Package pdftex.def Info: folder1.png used on input line 6472.
(pdftex.def)             Requested size: 32.1199pt x 32.1199pt.
 <home.png, id=1134, 16.06pt x 16.06pt>
File: home.png Graphic file (type png)
 <use home.png>
Package pdftex.def Info: home.png used on input line 6478.
(pdftex.def)             Requested size: 16.05995pt x 16.05995pt.
File: home.png Graphic file (type png)

<use home.png>
Package pdftex.def Info: home.png used on input line 6478.
(pdftex.def)             Requested size: 16.05995pt x 16.05995pt.
 <link.png, id=1135, 32.12pt x 32.12pt>
File: link.png Graphic file (type png)
 <use link.png>
Package pdftex.def Info: link.png used on input line 6484.
(pdftex.def)             Requested size: 32.1199pt x 32.1199pt.
File: link.png Graphic file (type png)

<use link.png>
Package pdftex.def Info: link.png used on input line 6484.
(pdftex.def)             Requested size: 32.1199pt x 32.1199pt.
 <music.png, id=1136, 32.12pt x 32.12pt>
File: music.png Graphic file (type png)
 <use music.png>
Package pdftex.def Info: music.png used on input line 6490.
(pdftex.def)             Requested size: 32.1199pt x 32.1199pt.
File: music.png Graphic file (type png)

<use music.png>
Package pdftex.def Info: music.png used on input line 6490.
(pdftex.def)             Requested size: 32.1199pt x 32.1199pt.
 [96 <./triangle-n.png> <./triangle-s.png> <./upload.png> <./upload-white.png> 
<./user.png> <./view-close.png> <./view-next.png> <./view-pause.png> <./view-pl
ay.png> <./view-previous.png> <./calendar-dark.png> <./contacts-dark.png> <./fi
le.png> <./files.png> <./folder.png> <./text.png> <./folder1.png> <./home.png> 
<./link.png>] <picture.png, id=1160, 32.12pt x 32.12pt>
File: picture.png Graphic file (type png)

<use picture.png>
Package pdftex.def Info: picture.png used on input line 6496.
(pdftex.def)             Requested size: 32.1199pt x 32.1199pt.
File: picture.png Graphic file (type png)
 <use picture.png>
Package pdftex.def Info: picture.png used on input line 6496.
(pdftex.def)             Requested size: 32.1199pt x 32.1199pt.
 [97 <./music.png> <./picture.png>] [98]
[99] [100] [101] [102] [103] [104] [105] [106] [107] [108] [109] [110] [111]
[112] [113]
Underfull \vbox (badness 10000) detected at line 7719
 []


Underfull \vbox (badness 10000) detected at line 7719
 []

[114]
Underfull \vbox (badness 10000) detected at line 7719
 []


Underfull \vbox (badness 10000) detected at line 7719
 []

[115] [116] [117] [118] [119] [120] [121] [122] [123] [124] [125] [126]
[127]
Overfull \hbox (230.5985pt too wide) in paragraph at lines 8616--8616
[]
 []


Underfull \hbox (badness 10000) in paragraph at lines 8616--8616

 []

[128] [129] [130]
Underfull \hbox (badness 10000) in paragraph at lines 8800--8801
[]\T1/ptm/m/n/10 Generate a pri-vate key and CSR: \T1/pcr/m/n/10 openssl req -n
odes -newkey rsa:2048 -keyout
 []


Underfull \hbox (badness 10000) in paragraph at lines 8813--8817
[]\T1/ptm/m/n/10 Run \T1/pcr/m/n/10 ./occ integrity:sign-app \T1/ptm/m/n/10 to 
sign your ap-pli-ca-tion, and spec-ify your pri-vate
 []


Underfull \hbox (badness 6396) in paragraph at lines 8813--8817
\T1/ptm/m/n/10 and the pub-lic key as well as the path to the ap-pli-ca-tion. A
 valid ex-am-ple looks like:
 []


Underfull \hbox (badness 10000) in paragraph at lines 8813--8817
\T1/pcr/m/n/10 ./occ integrity:sign-app --privateKey=/Users/lukasreschke/contac
ts.key
 []


Overfull \hbox (137.24503pt too wide) in paragraph at lines 8813--8817
\T1/pcr/m/n/10 --certificate=/Users/lukasreschke/CA/contacts.crt --path=/Users/
lukasreschke/Programming/contacts 
 []

[131]
Underfull \hbox (badness 10000) in paragraph at lines 8900--8901
[]\T1/pcr/m/n/10 Certificate is not valid for required scope. (Requested: %s,
 []

[132] [133] [134]
<1000000000000270000003A317117674.png, id=1456, 626.34pt x 934.49126pt>
File: 1000000000000270000003A317117674.png Graphic file (type png)

<use 1000000000000270000003A317117674.png>
Package pdftex.def Info: 1000000000000270000003A317117674.png used on input lin
e 9198.
(pdftex.def)             Requested size: 307.15776pt x 458.2612pt.
 [135] [136 <./1000000000000270000003A317117674.png>] [137] [138] [139] [140] [
141] [142] [143]
<10000201000003480000020EC688993D.png, id=1541, 843.15pt x 527.9725pt>
File: 10000201000003480000020EC688993D.png Graphic file (type png)

<use 10000201000003480000020EC688993D.png>
Package pdftex.def Info: 10000201000003480000020EC688993D.png used on input lin
e 9759.
(pdftex.def)             Requested size: 469.75494pt x 293.88216pt.
 [144]
<10000201000003430000020C65A3C5A7.png, id=1552, 838.13126pt x 525.965pt>
File: 10000201000003430000020C65A3C5A7.png Graphic file (type png)

<use 10000201000003430000020C65A3C5A7.png>
Package pdftex.def Info: 10000201000003430000020C65A3C5A7.png used on input lin
e 9764.
(pdftex.def)             Requested size: 469.74677pt x 294.72296pt.

<100002010000034700000211B6BE4A2B.png, id=1553, 842.14626pt x 530.98375pt>
File: 100002010000034700000211B6BE4A2B.png Graphic file (type png)

<use 100002010000034700000211B6BE4A2B.png>
Package pdftex.def Info: 100002010000034700000211B6BE4A2B.png used on input lin
e 9769.
(pdftex.def)             Requested size: 462.68073pt x 291.53152pt.
 [145 <./10000201000003480000020EC688993D.png> <./10000201000003430000020C65A3C
5A7.png>]
<100000000000030C000001E61DFDBF76.png, id=1560, 782.925pt x 487.8225pt>
File: 100000000000030C000001E61DFDBF76.png Graphic file (type png)

<use 100000000000030C000001E61DFDBF76.png>
Package pdftex.def Info: 100000000000030C000001E61DFDBF76.png used on input lin
e 9782.
(pdftex.def)             Requested size: 469.75862pt x 292.6362pt.
 [146 <./100002010000034700000211B6BE4A2B.png>]
<100000000000030C000001E7A7A01884.png, id=1567, 782.925pt x 488.82625pt>
File: 100000000000030C000001E7A7A01884.png Graphic file (type png)

<use 100000000000030C000001E7A7A01884.png>
Package pdftex.def Info: 100000000000030C000001E7A7A01884.png used on input lin
e 9787.
(pdftex.def)             Requested size: 469.75862pt x 342.09398pt.
 [147 <./100000000000030C000001E61DFDBF76.png (PNG copy)>]
<100000000000030C000001E8AB4C3306.png, id=1573, 782.925pt x 489.83pt>
File: 100000000000030C000001E8AB4C3306.png Graphic file (type png)

<use 100000000000030C000001E8AB4C3306.png>
Package pdftex.def Info: 100000000000030C000001E8AB4C3306.png used on input lin
e 9793.
(pdftex.def)             Requested size: 415.55754pt x 259.9749pt.

<100000000000030C000001ECB85120C2.png, id=1574, 782.925pt x 493.845pt> [148 <./
100000000000030C000001E7A7A01884.png (PNG copy)> <./100000000000030C000001E8AB4
C3306.png (PNG copy)>]
File: 100000000000030C000001ECB85120C2.png Graphic file (type png)
 <use 100000000000030C000001ECB85120C2.png>
Package pdftex.def Info: 100000000000030C000001ECB85120C2.png used on input lin
e 9798.
(pdftex.def)             Requested size: 415.55754pt x 262.07568pt.

<100000000000030C000001E637605044.png, id=1579, 782.925pt x 487.8225pt>
File: 100000000000030C000001E637605044.png Graphic file (type png)

<use 100000000000030C000001E637605044.png>
Package pdftex.def Info: 100000000000030C000001E637605044.png used on input lin
e 9803.
(pdftex.def)             Requested size: 415.55754pt x 258.86476pt.
 [149 <./100000000000030C000001ECB85120C2.png (PNG copy)> <./100000000000030C00
0001E637605044.png (PNG copy)>]
[150] [151] [152] [153] [154] [155] [156] [157] [158] [159] [160] [161]
Underfull \hbox (badness 7722) in paragraph at lines 10638--10641
\T1/pcr/m/n/10 print_unescaped($l->t('This is some text'));?> \T1/ptm/m/n/10 Fo
r the right date for-mat use \T1/pcr/m/n/10 <?php
 []

[162] [163] [164] [165] [166] [167] [168] [169] [170] [171] [172]
Underfull \vbox (badness 10000) detected at line 11451
 []


Underfull \vbox (badness 10000) detected at line 11451
 []

[173] [174] [175] [176] [177] [178] [179] [180] [181] [182]
<kanbanexample.png, id=1885, 1027.84pt x 490.83376pt>
File: kanbanexample.png Graphic file (type png)
 <use kanbanexample.png>
Package pdftex.def Info: kanbanexample.png used on input line 12240.
(pdftex.def)             Requested size: 1027.8375pt x 490.83255pt.
File: kanbanexample.png Graphic file (type png)

<use kanbanexample.png>
Package pdftex.def Info: kanbanexample.png used on input line 12240.
(pdftex.def)             Requested size: 469.755pt x 224.3258pt.
 [183] [184 <./kanbanexample.png>] [185] [186] [187]
<triageworkflow.png, id=1960, 597.432pt x 844.756pt>
File: triageworkflow.png Graphic file (type png)
 <use triageworkflow.png>
Package pdftex.def Info: triageworkflow.png used on input line 12644.
(pdftex.def)             Requested size: 597.43054pt x 844.75394pt.
File: triageworkflow.png Graphic file (type png)

<use triageworkflow.png>
Package pdftex.def Info: triageworkflow.png used on input line 12644.
(pdftex.def)             Requested size: 469.755pt x 664.24345pt.
 [188] [189 <./triageworkflow.png>] [190] [191]
(./ownCloudDeveloperManual.ind)
Package atveryend Info: Empty hook `BeforeClearDocument' on input line 12803.
 [192]
Package atveryend Info: Empty hook `AfterLastShipout' on input line 12803.
 (./ownCloudDeveloperManual.aux)
Package atveryend Info: Executing hook `AtVeryEndDocument' on input line 12803.

Package atveryend Info: Executing hook `AtEndAfterFileList' on input line 12803
.
Package rerunfilecheck Info: File `ownCloudDeveloperManual.out' has not changed
.
(rerunfilecheck)             Checksum: A3E85B738BA2ECE36AE46CAA97611CA5;3299.


LaTeX Warning: There were undefined references.

Package atveryend Info: Empty hook `AtVeryVeryEnd' on input line 12803.
 ) 
Here is how much of TeX's memory you used:
 10760 strings out of 495028
 162105 string characters out of 6181497
 275148 words of memory out of 5000000
 12935 multiletter control sequences out of 15000+600000
 67040 words of font info for 72 fonts, out of 8000000 for 9000
 15 hyphenation exceptions out of 8191
 38i,12n,51p,1171b,499s stack positions out of 5000i,500n,10000p,200000b,80000s
{/usr/share/texlive/texmf-dist/fonts/enc/dvips/base/8r.enc}</usr/share/texliv
e/texmf-dist/fonts/type1/urw/courier/ucrb8a.pfb></usr/share/texlive/texmf-dist/
fonts/type1/urw/courier/ucrr8a.pfb></usr/share/texlive/texmf-dist/fonts/type1/u
rw/courier/ucrro8a.pfb></usr/share/texlive/texmf-dist/fonts/type1/urw/helvetic/
uhvb8a.pfb></usr/share/texlive/texmf-dist/fonts/type1/urw/helvetic/uhvbo8a.pfb>
</usr/share/texlive/texmf-dist/fonts/type1/urw/times/utmb8a.pfb></usr/share/tex
live/texmf-dist/fonts/type1/urw/times/utmbi8a.pfb></usr/share/texlive/texmf-dis
t/fonts/type1/urw/times/utmr8a.pfb></usr/share/texlive/texmf-dist/fonts/type1/u
rw/times/utmri8a.pfb>
Output written on ownCloudDeveloperManual.pdf (196 pages, 1858873 bytes).
PDF statistics:
 2201 PDF objects out of 2487 (max. 8388607)
 1831 compressed objects within 19 object streams
 708 named destinations out of 1000 (max. 500000)
 802 words of extra memory for PDF output out of 10000 (max. 10000000)

