\BOOKMARK [0][-]{chapter.1}{ownCloud 9.2 Server Administration Manual Introduction}{}% 1
\BOOKMARK [1][-]{section.1.1}{Introduction}{chapter.1}% 2
\BOOKMARK [1][-]{section.1.2}{ownCloud Videos and Blogs}{chapter.1}% 3
\BOOKMARK [1][-]{section.1.3}{Target Audience}{chapter.1}% 4
\BOOKMARK [0][-]{chapter.2}{ownCloud 9.2 Release Notes}{}% 5
\BOOKMARK [1][-]{section.2.1}{Changes in 9.2}{chapter.2}% 6
\BOOKMARK [1][-]{section.2.2}{Changes in 9.1}{chapter.2}% 7
\BOOKMARK [1][-]{section.2.3}{Changes in 9.0}{chapter.2}% 8
\BOOKMARK [1][-]{section.2.4}{Enterprise 9.0}{chapter.2}% 9
\BOOKMARK [1][-]{section.2.5}{Changes in 8.2}{chapter.2}% 10
\BOOKMARK [1][-]{section.2.6}{Changes in 8.1}{chapter.2}% 11
\BOOKMARK [1][-]{section.2.7}{Enterprise 8.1 Only}{chapter.2}% 12
\BOOKMARK [1][-]{section.2.8}{ownCloud 8.0}{chapter.2}% 13
\BOOKMARK [1][-]{section.2.9}{Enterprise 8.0 Only}{chapter.2}% 14
\BOOKMARK [1][-]{section.2.10}{ownCloud 7 Release Notes}{chapter.2}% 15
\BOOKMARK [1][-]{section.2.11}{Enterprise 7 Only}{chapter.2}% 16
\BOOKMARK [0][-]{chapter.3}{What's New for Admins in ownCloud 9.2}{}% 17
\BOOKMARK [0][-]{chapter.4}{Installation}{}% 18
\BOOKMARK [1][-]{section.4.1}{System Requirements}{chapter.4}% 19
\BOOKMARK [1][-]{section.4.2}{ownCloud Deployment Recommendations}{chapter.4}% 20
\BOOKMARK [1][-]{section.4.3}{Preferred Linux Installation Method}{chapter.4}% 21
\BOOKMARK [1][-]{section.4.4}{Installation Wizard}{chapter.4}% 22
\BOOKMARK [1][-]{section.4.5}{Installing ownCloud From the Command Line}{chapter.4}% 23
\BOOKMARK [1][-]{section.4.6}{Changing Your ownCloud URL}{chapter.4}% 24
\BOOKMARK [1][-]{section.4.7}{Installing and Managing Apps}{chapter.4}% 25
\BOOKMARK [1][-]{section.4.8}{Supported Apps in ownCloud}{chapter.4}% 26
\BOOKMARK [1][-]{section.4.9}{Manual Installation on Linux}{chapter.4}% 27
\BOOKMARK [1][-]{section.4.10}{ownCloud Community Appliance}{chapter.4}% 28
\BOOKMARK [1][-]{section.4.11}{SELinux Configuration}{chapter.4}% 29
\BOOKMARK [1][-]{section.4.12}{nginx Example Configurations}{chapter.4}% 30
\BOOKMARK [0][-]{chapter.5}{ownCloud Server Configuration}{}% 31
\BOOKMARK [1][-]{section.5.1}{Warnings on Admin Page}{chapter.5}% 32
\BOOKMARK [1][-]{section.5.2}{Importing System-wide and Personal SSL Certificates}{chapter.5}% 33
\BOOKMARK [1][-]{section.5.3}{Using the occ Command}{chapter.5}% 34
\BOOKMARK [1][-]{section.5.4}{Configuring the Activity App}{chapter.5}% 35
\BOOKMARK [1][-]{section.5.5}{Configuring the ClamAV Antivirus Scanner}{chapter.5}% 36
\BOOKMARK [1][-]{section.5.6}{Configuring Memory Caching}{chapter.5}% 37
\BOOKMARK [1][-]{section.5.7}{Defining Background Jobs}{chapter.5}% 38
\BOOKMARK [1][-]{section.5.8}{Config.php Parameters}{chapter.5}% 39
\BOOKMARK [1][-]{section.5.9}{Email Configuration}{chapter.5}% 40
\BOOKMARK [1][-]{section.5.10}{Excluding Directories and Blacklisting Files}{chapter.5}% 41
\BOOKMARK [1][-]{section.5.11}{Linking External Sites}{chapter.5}% 42
\BOOKMARK [1][-]{section.5.12}{Custom Client Download Repositories}{chapter.5}% 43
\BOOKMARK [1][-]{section.5.13}{Knowledge Base Configuration}{chapter.5}% 44
\BOOKMARK [1][-]{section.5.14}{Language Configuration}{chapter.5}% 45
\BOOKMARK [1][-]{section.5.15}{Logging Configuration}{chapter.5}% 46
\BOOKMARK [1][-]{section.5.16}{Hardening and Security Guidance}{chapter.5}% 47
\BOOKMARK [1][-]{section.5.17}{Reverse Proxy Configuration}{chapter.5}% 48
\BOOKMARK [1][-]{section.5.18}{Using Third Party PHP Components}{chapter.5}% 49
\BOOKMARK [1][-]{section.5.19}{JavaScript and CSS Asset Management}{chapter.5}% 50
\BOOKMARK [1][-]{section.5.20}{Automatic Configuration Setup}{chapter.5}% 51
\BOOKMARK [1][-]{section.5.21}{ownCloud Server Tuning}{chapter.5}% 52
\BOOKMARK [1][-]{section.5.22}{Enable index.php-less URLs}{chapter.5}% 53
\BOOKMARK [0][-]{chapter.6}{User Management}{}% 54
\BOOKMARK [1][-]{section.6.1}{User Management}{chapter.6}% 55
\BOOKMARK [1][-]{section.6.2}{Resetting a Lost Admin Password}{chapter.6}% 56
\BOOKMARK [1][-]{section.6.3}{Resetting a User Password}{chapter.6}% 57
\BOOKMARK [1][-]{section.6.4}{User Authentication with IMAP, SMB, and FTP}{chapter.6}% 58
\BOOKMARK [1][-]{section.6.5}{User Authentication with LDAP}{chapter.6}% 59
\BOOKMARK [1][-]{section.6.6}{LDAP User Cleanup}{chapter.6}% 60
\BOOKMARK [1][-]{section.6.7}{User Provisioning API}{chapter.6}% 61
\BOOKMARK [0][-]{chapter.7}{File Sharing and Management}{}% 62
\BOOKMARK [1][-]{section.7.1}{File Sharing}{chapter.7}% 63
\BOOKMARK [1][-]{section.7.2}{Configuring Federation Sharing}{chapter.7}% 64
\BOOKMARK [1][-]{section.7.3}{Uploading big files > 512MB}{chapter.7}% 65
\BOOKMARK [1][-]{section.7.4}{Configuring the Collaborative Documents App}{chapter.7}% 66
\BOOKMARK [1][-]{section.7.5}{Providing Default Files}{chapter.7}% 67
\BOOKMARK [1][-]{section.7.6}{Configuring External Storage \(GUI\)}{chapter.7}% 68
\BOOKMARK [1][-]{section.7.7}{Configuring External Storage \(Configuration File\)}{chapter.7}% 69
\BOOKMARK [1][-]{section.7.8}{External Storage Authentication mechanisms}{chapter.7}% 70
\BOOKMARK [1][-]{section.7.9}{Encryption Configuration}{chapter.7}% 71
\BOOKMARK [1][-]{section.7.10}{Transactional File Locking}{chapter.7}% 72
\BOOKMARK [1][-]{section.7.11}{Previews Configuration}{chapter.7}% 73
\BOOKMARK [1][-]{section.7.12}{Controlling File Versions and Aging}{chapter.7}% 74
\BOOKMARK [1][-]{section.7.13}{Managing the Trashbin}{chapter.7}% 75
\BOOKMARK [0][-]{chapter.8}{Database Configuration}{}% 76
\BOOKMARK [1][-]{section.8.1}{Converting Database Type}{chapter.8}% 77
\BOOKMARK [1][-]{section.8.2}{Database Configuration}{chapter.8}% 78
\BOOKMARK [0][-]{chapter.9}{Mimetypes Management}{}% 79
\BOOKMARK [1][-]{section.9.1}{Mimetype Aliases}{chapter.9}% 80
\BOOKMARK [1][-]{section.9.2}{Mimetype mapping}{chapter.9}% 81
\BOOKMARK [1][-]{section.9.3}{Icon retrieval}{chapter.9}% 82
\BOOKMARK [0][-]{chapter.10}{Maintenance}{}% 83
\BOOKMARK [1][-]{section.10.1}{Maintenance Mode Configuration}{chapter.10}% 84
\BOOKMARK [1][-]{section.10.2}{Backing up ownCloud}{chapter.10}% 85
\BOOKMARK [1][-]{section.10.3}{How to Upgrade Your ownCloud Server}{chapter.10}% 86
\BOOKMARK [1][-]{section.10.4}{Upgrade ownCloud From Packages}{chapter.10}% 87
\BOOKMARK [1][-]{section.10.5}{Upgrading ownCloud with the Updater App}{chapter.10}% 88
\BOOKMARK [1][-]{section.10.6}{Manual ownCloud Upgrade}{chapter.10}% 89
\BOOKMARK [1][-]{section.10.7}{Restoring ownCloud}{chapter.10}% 90
\BOOKMARK [1][-]{section.10.8}{Migrating to a Different Server}{chapter.10}% 91
\BOOKMARK [0][-]{chapter.11}{Issues and Troubleshooting}{}% 92
\BOOKMARK [1][-]{section.11.1}{General Troubleshooting}{chapter.11}% 93
\BOOKMARK [1][-]{section.11.2}{Code Signing}{chapter.11}% 94
\BOOKMARK [0][-]{chapter.12}{Enterprise Edition Only}{}% 95
\BOOKMARK [1][-]{section.12.1}{Enterprise Edition Installation}{chapter.12}% 96
\BOOKMARK [1][-]{section.12.2}{Creating Branded ownCloud Clients \(Enterprise only\)}{chapter.12}% 97
\BOOKMARK [1][-]{section.12.3}{Enterprise Server Branding \(Enterprise only\)}{chapter.12}% 98
\BOOKMARK [1][-]{section.12.4}{External Storage \(Enterprise only\)}{chapter.12}% 99
\BOOKMARK [1][-]{section.12.5}{User Management \(Enterprise only\)}{chapter.12}% 100
\BOOKMARK [1][-]{section.12.6}{Enterprise File Management \(Enterprise Only\)}{chapter.12}% 101
\BOOKMARK [1][-]{section.12.7}{Enterprise Logging Apps \(Enterprise only\)}{chapter.12}% 102
\BOOKMARK [1][-]{section.12.8}{Enterprise Firewall \(Enterprise only\)}{chapter.12}% 103
\BOOKMARK [1][-]{section.12.9}{Enterprise Troubleshooting}{chapter.12}% 104
