\BOOKMARK [0][-]{chapter.1}{ownCloud 9.2 User Manual Introduction}{}% 1
\BOOKMARK [0][-]{chapter.2}{What's New for Users in ownCloud 9.2}{}% 2
\BOOKMARK [0][-]{chapter.3}{The ownCloud Web Interface}{}% 3
\BOOKMARK [1][-]{section.3.1}{Navigating the Main User Interface}{chapter.3}% 4
\BOOKMARK [0][-]{chapter.4}{Files \046 Synchronization}{}% 5
\BOOKMARK [1][-]{section.4.1}{Accessing your Files Using the ownCloud Web Interface}{chapter.4}% 6
\BOOKMARK [1][-]{section.4.2}{Accessing ownCloud Files Using WebDAV}{chapter.4}% 7
\BOOKMARK [1][-]{section.4.3}{Gallery App}{chapter.4}% 8
\BOOKMARK [1][-]{section.4.4}{Managing Deleted Files}{chapter.4}% 9
\BOOKMARK [1][-]{section.4.5}{Desktop and Mobile Synchronization}{chapter.4}% 10
\BOOKMARK [1][-]{section.4.6}{Encrypting Your ownCloud Files}{chapter.4}% 11
\BOOKMARK [1][-]{section.4.7}{Using Federation Shares}{chapter.4}% 12
\BOOKMARK [1][-]{section.4.8}{Making Anonymous Uploads \(Enterprise Only\)}{chapter.4}% 13
\BOOKMARK [1][-]{section.4.9}{Large File Uploads}{chapter.4}% 14
\BOOKMARK [1][-]{section.4.10}{Storage Quota}{chapter.4}% 15
\BOOKMARK [1][-]{section.4.11}{Version Control}{chapter.4}% 16
\BOOKMARK [0][-]{chapter.5}{Contacts \046 Calendar}{}% 17
\BOOKMARK [1][-]{section.5.1}{Using the Contacts App}{chapter.5}% 18
\BOOKMARK [1][-]{section.5.2}{Using the Calendar App}{chapter.5}% 19
\BOOKMARK [1][-]{section.5.3}{iOS - Synchronize iPhone/iPad}{chapter.5}% 20
\BOOKMARK [1][-]{section.5.4}{Synchronizing with OS X}{chapter.5}% 21
\BOOKMARK [1][-]{section.5.5}{Synchronizing with KDE SC}{chapter.5}% 22
\BOOKMARK [1][-]{section.5.6}{Thunderbird - Synchronize Addressbook}{chapter.5}% 23
\BOOKMARK [1][-]{section.5.7}{Troubleshooting}{chapter.5}% 24
\BOOKMARK [0][-]{chapter.6}{Collaborative Document Editing}{}% 25
\BOOKMARK [1][-]{section.6.1}{The main interface}{chapter.6}% 26
\BOOKMARK [0][-]{chapter.7}{Setting Your Preferences}{}% 27
\BOOKMARK [0][-]{chapter.8}{Manage Connected Browsers and Devices}{}% 28
\BOOKMARK [1][-]{section.8.1}{Managing Connected Browsers}{chapter.8}% 29
\BOOKMARK [1][-]{section.8.2}{Managing Devices}{chapter.8}% 30
\BOOKMARK [0][-]{chapter.9}{External Storage}{}% 31
\BOOKMARK [1][-]{section.9.1}{Configuring External Storage}{chapter.9}% 32
\BOOKMARK [1][-]{section.9.2}{Connecting to SharePoint \(Enterprise only\)}{chapter.9}% 33
\BOOKMARK [0][-]{chapter.10}{Using the Bookmarks App}{}% 34
\BOOKMARK [1][-]{section.10.1}{The main interface}{chapter.10}% 35
\BOOKMARK [1][-]{section.10.2}{The Bookmarklet}{chapter.10}% 36
