This is pdfTeX, Version 3.1415926-2.5-1.40.14 (TeX Live 2013/Debian) (format=pdflatex 2016.12.5)  9 DEC 2016 08:16
entering extended mode
 restricted \write18 enabled.
 %&-line parsing enabled.
**ownCloud_User_Manual.tex
(./ownCloud_User_Manual.tex
LaTeX2e <2011/06/27>
Babel <3.9h> and hyphenation patterns for 2 languages loaded.
(./sphinxmanual.cls
Document Class: sphinxmanual 2009/06/02 Document class (Sphinx manual)
(/usr/share/texlive/texmf-dist/tex/latex/base/report.cls
Document Class: report 2007/10/19 v1.4h Standard LaTeX document class
(/usr/share/texlive/texmf-dist/tex/latex/base/size10.clo
File: size10.clo 2007/10/19 v1.4h Standard LaTeX file (size option)
)
\c@part=\count79
\c@chapter=\count80
\c@section=\count81
\c@subsection=\count82
\c@subsubsection=\count83
\c@paragraph=\count84
\c@subparagraph=\count85
\c@figure=\count86
\c@table=\count87
\abovecaptionskip=\skip41
\belowcaptionskip=\skip42
\bibindent=\dimen102
))
(/usr/share/texlive/texmf-dist/tex/latex/base/inputenc.sty
Package: inputenc 2008/03/30 v1.1d Input encoding file
\inpenc@prehook=\toks14
\inpenc@posthook=\toks15

(/usr/share/texlive/texmf-dist/tex/latex/base/utf8.def
File: utf8.def 2008/04/05 v1.1m UTF-8 support for inputenc
Now handling font encoding OML ...
... no UTF-8 mapping file for font encoding OML
Now handling font encoding T1 ...
... processing UTF-8 mapping file for font encoding T1

(/usr/share/texlive/texmf-dist/tex/latex/base/t1enc.dfu
File: t1enc.dfu 2008/04/05 v1.1m UTF-8 support for inputenc
   defining Unicode char U+00A1 (decimal 161)
   defining Unicode char U+00A3 (decimal 163)
   defining Unicode char U+00AB (decimal 171)
   defining Unicode char U+00BB (decimal 187)
   defining Unicode char U+00BF (decimal 191)
   defining Unicode char U+00C0 (decimal 192)
   defining Unicode char U+00C1 (decimal 193)
   defining Unicode char U+00C2 (decimal 194)
   defining Unicode char U+00C3 (decimal 195)
   defining Unicode char U+00C4 (decimal 196)
   defining Unicode char U+00C5 (decimal 197)
   defining Unicode char U+00C6 (decimal 198)
   defining Unicode char U+00C7 (decimal 199)
   defining Unicode char U+00C8 (decimal 200)
   defining Unicode char U+00C9 (decimal 201)
   defining Unicode char U+00CA (decimal 202)
   defining Unicode char U+00CB (decimal 203)
   defining Unicode char U+00CC (decimal 204)
   defining Unicode char U+00CD (decimal 205)
   defining Unicode char U+00CE (decimal 206)
   defining Unicode char U+00CF (decimal 207)
   defining Unicode char U+00D0 (decimal 208)
   defining Unicode char U+00D1 (decimal 209)
   defining Unicode char U+00D2 (decimal 210)
   defining Unicode char U+00D3 (decimal 211)
   defining Unicode char U+00D4 (decimal 212)
   defining Unicode char U+00D5 (decimal 213)
   defining Unicode char U+00D6 (decimal 214)
   defining Unicode char U+00D8 (decimal 216)
   defining Unicode char U+00D9 (decimal 217)
   defining Unicode char U+00DA (decimal 218)
   defining Unicode char U+00DB (decimal 219)
   defining Unicode char U+00DC (decimal 220)
   defining Unicode char U+00DD (decimal 221)
   defining Unicode char U+00DE (decimal 222)
   defining Unicode char U+00DF (decimal 223)
   defining Unicode char U+00E0 (decimal 224)
   defining Unicode char U+00E1 (decimal 225)
   defining Unicode char U+00E2 (decimal 226)
   defining Unicode char U+00E3 (decimal 227)
   defining Unicode char U+00E4 (decimal 228)
   defining Unicode char U+00E5 (decimal 229)
   defining Unicode char U+00E6 (decimal 230)
   defining Unicode char U+00E7 (decimal 231)
   defining Unicode char U+00E8 (decimal 232)
   defining Unicode char U+00E9 (decimal 233)
   defining Unicode char U+00EA (decimal 234)
   defining Unicode char U+00EB (decimal 235)
   defining Unicode char U+00EC (decimal 236)
   defining Unicode char U+00ED (decimal 237)
   defining Unicode char U+00EE (decimal 238)
   defining Unicode char U+00EF (decimal 239)
   defining Unicode char U+00F0 (decimal 240)
   defining Unicode char U+00F1 (decimal 241)
   defining Unicode char U+00F2 (decimal 242)
   defining Unicode char U+00F3 (decimal 243)
   defining Unicode char U+00F4 (decimal 244)
   defining Unicode char U+00F5 (decimal 245)
   defining Unicode char U+00F6 (decimal 246)
   defining Unicode char U+00F8 (decimal 248)
   defining Unicode char U+00F9 (decimal 249)
   defining Unicode char U+00FA (decimal 250)
   defining Unicode char U+00FB (decimal 251)
   defining Unicode char U+00FC (decimal 252)
   defining Unicode char U+00FD (decimal 253)
   defining Unicode char U+00FE (decimal 254)
   defining Unicode char U+00FF (decimal 255)
   defining Unicode char U+0102 (decimal 258)
   defining Unicode char U+0103 (decimal 259)
   defining Unicode char U+0104 (decimal 260)
   defining Unicode char U+0105 (decimal 261)
   defining Unicode char U+0106 (decimal 262)
   defining Unicode char U+0107 (decimal 263)
   defining Unicode char U+010C (decimal 268)
   defining Unicode char U+010D (decimal 269)
   defining Unicode char U+010E (decimal 270)
   defining Unicode char U+010F (decimal 271)
   defining Unicode char U+0110 (decimal 272)
   defining Unicode char U+0111 (decimal 273)
   defining Unicode char U+0118 (decimal 280)
   defining Unicode char U+0119 (decimal 281)
   defining Unicode char U+011A (decimal 282)
   defining Unicode char U+011B (decimal 283)
   defining Unicode char U+011E (decimal 286)
   defining Unicode char U+011F (decimal 287)
   defining Unicode char U+0130 (decimal 304)
   defining Unicode char U+0131 (decimal 305)
   defining Unicode char U+0132 (decimal 306)
   defining Unicode char U+0133 (decimal 307)
   defining Unicode char U+0139 (decimal 313)
   defining Unicode char U+013A (decimal 314)
   defining Unicode char U+013D (decimal 317)
   defining Unicode char U+013E (decimal 318)
   defining Unicode char U+0141 (decimal 321)
   defining Unicode char U+0142 (decimal 322)
   defining Unicode char U+0143 (decimal 323)
   defining Unicode char U+0144 (decimal 324)
   defining Unicode char U+0147 (decimal 327)
   defining Unicode char U+0148 (decimal 328)
   defining Unicode char U+014A (decimal 330)
   defining Unicode char U+014B (decimal 331)
   defining Unicode char U+0150 (decimal 336)
   defining Unicode char U+0151 (decimal 337)
   defining Unicode char U+0152 (decimal 338)
   defining Unicode char U+0153 (decimal 339)
   defining Unicode char U+0154 (decimal 340)
   defining Unicode char U+0155 (decimal 341)
   defining Unicode char U+0158 (decimal 344)
   defining Unicode char U+0159 (decimal 345)
   defining Unicode char U+015A (decimal 346)
   defining Unicode char U+015B (decimal 347)
   defining Unicode char U+015E (decimal 350)
   defining Unicode char U+015F (decimal 351)
   defining Unicode char U+0160 (decimal 352)
   defining Unicode char U+0161 (decimal 353)
   defining Unicode char U+0162 (decimal 354)
   defining Unicode char U+0163 (decimal 355)
   defining Unicode char U+0164 (decimal 356)
   defining Unicode char U+0165 (decimal 357)
   defining Unicode char U+016E (decimal 366)
   defining Unicode char U+016F (decimal 367)
   defining Unicode char U+0170 (decimal 368)
   defining Unicode char U+0171 (decimal 369)
   defining Unicode char U+0178 (decimal 376)
   defining Unicode char U+0179 (decimal 377)
   defining Unicode char U+017A (decimal 378)
   defining Unicode char U+017B (decimal 379)
   defining Unicode char U+017C (decimal 380)
   defining Unicode char U+017D (decimal 381)
   defining Unicode char U+017E (decimal 382)
   defining Unicode char U+200C (decimal 8204)
   defining Unicode char U+2013 (decimal 8211)
   defining Unicode char U+2014 (decimal 8212)
   defining Unicode char U+2018 (decimal 8216)
   defining Unicode char U+2019 (decimal 8217)
   defining Unicode char U+201A (decimal 8218)
   defining Unicode char U+201C (decimal 8220)
   defining Unicode char U+201D (decimal 8221)
   defining Unicode char U+201E (decimal 8222)
   defining Unicode char U+2030 (decimal 8240)
   defining Unicode char U+2031 (decimal 8241)
   defining Unicode char U+2039 (decimal 8249)
   defining Unicode char U+203A (decimal 8250)
   defining Unicode char U+2423 (decimal 9251)
)
Now handling font encoding OT1 ...
... processing UTF-8 mapping file for font encoding OT1

(/usr/share/texlive/texmf-dist/tex/latex/base/ot1enc.dfu
File: ot1enc.dfu 2008/04/05 v1.1m UTF-8 support for inputenc
   defining Unicode char U+00A1 (decimal 161)
   defining Unicode char U+00A3 (decimal 163)
   defining Unicode char U+00B8 (decimal 184)
   defining Unicode char U+00BF (decimal 191)
   defining Unicode char U+00C5 (decimal 197)
   defining Unicode char U+00C6 (decimal 198)
   defining Unicode char U+00D8 (decimal 216)
   defining Unicode char U+00DF (decimal 223)
   defining Unicode char U+00E6 (decimal 230)
   defining Unicode char U+00EC (decimal 236)
   defining Unicode char U+00ED (decimal 237)
   defining Unicode char U+00EE (decimal 238)
   defining Unicode char U+00EF (decimal 239)
   defining Unicode char U+00F8 (decimal 248)
   defining Unicode char U+0131 (decimal 305)
   defining Unicode char U+0141 (decimal 321)
   defining Unicode char U+0142 (decimal 322)
   defining Unicode char U+0152 (decimal 338)
   defining Unicode char U+0153 (decimal 339)
   defining Unicode char U+2013 (decimal 8211)
   defining Unicode char U+2014 (decimal 8212)
   defining Unicode char U+2018 (decimal 8216)
   defining Unicode char U+2019 (decimal 8217)
   defining Unicode char U+201C (decimal 8220)
   defining Unicode char U+201D (decimal 8221)
)
Now handling font encoding OMS ...
... processing UTF-8 mapping file for font encoding OMS

(/usr/share/texlive/texmf-dist/tex/latex/base/omsenc.dfu
File: omsenc.dfu 2008/04/05 v1.1m UTF-8 support for inputenc
   defining Unicode char U+00A7 (decimal 167)
   defining Unicode char U+00B6 (decimal 182)
   defining Unicode char U+00B7 (decimal 183)
   defining Unicode char U+2020 (decimal 8224)
   defining Unicode char U+2021 (decimal 8225)
   defining Unicode char U+2022 (decimal 8226)
)
Now handling font encoding OMX ...
... no UTF-8 mapping file for font encoding OMX
Now handling font encoding U ...
... no UTF-8 mapping file for font encoding U
   defining Unicode char U+00A9 (decimal 169)
   defining Unicode char U+00AA (decimal 170)
   defining Unicode char U+00AE (decimal 174)
   defining Unicode char U+00BA (decimal 186)
   defining Unicode char U+02C6 (decimal 710)
   defining Unicode char U+02DC (decimal 732)
   defining Unicode char U+200C (decimal 8204)
   defining Unicode char U+2026 (decimal 8230)
   defining Unicode char U+2122 (decimal 8482)
   defining Unicode char U+2423 (decimal 9251)
))
   defining Unicode char U+00A0 (decimal 160)

(/usr/share/texlive/texmf-dist/tex/latex/cmap/cmap.sty
Package: cmap 2008/03/06 v1.0h CMap support: searchable PDF
)
(/usr/share/texlive/texmf-dist/tex/latex/base/fontenc.sty
Package: fontenc 2005/09/27 v1.99g Standard LaTeX package

(/usr/share/texlive/texmf-dist/tex/latex/base/t1enc.def
File: t1enc.def 2005/09/27 v1.99g Standard LaTeX file
LaTeX Font Info:    Redeclaring font encoding T1 on input line 43.
)<<t1.cmap>>)
(/usr/share/texlive/texmf-dist/tex/generic/babel/babel.sty
Package: babel 2013/12/03 3.9h The Babel package

(/usr/share/texlive/texmf-dist/tex/generic/babel-english/english.ldf
Language: english 2012/08/20 v3.3p English support from the babel system

(/usr/share/texlive/texmf-dist/tex/generic/babel/babel.def
File: babel.def 2013/12/03 3.9h Babel common definitions
\babel@savecnt=\count88
\U@D=\dimen103
)
\l@british = a dialect from \language\l@english 
\l@UKenglish = a dialect from \language\l@english 
\l@canadian = a dialect from \language\l@american 
\l@australian = a dialect from \language\l@british 
\l@newzealand = a dialect from \language\l@british 
))
(/usr/share/texlive/texmf-dist/tex/latex/psnfss/times.sty
Package: times 2005/04/12 PSNFSS-v9.2a (SPQR) 
) (./fncychap.sty
Package: fncychap 2007/07/30 v1.34 LaTeX package (Revised chapters)
\RW=\skip43
\mylen=\skip44
\myhi=\skip45
\px=\skip46
\py=\skip47
\pyy=\skip48
\pxx=\skip49
\c@AlphaCnt=\count89
\c@AlphaDecCnt=\count90
)
(/usr/share/texlive/texmf-dist/tex/latex/tools/longtable.sty
Package: longtable 2004/02/01 v4.11 Multi-page Table package (DPC)
\LTleft=\skip50
\LTright=\skip51
\LTpre=\skip52
\LTpost=\skip53
\LTchunksize=\count91
\LTcapwidth=\dimen104
\LT@head=\box26
\LT@firsthead=\box27
\LT@foot=\box28
\LT@lastfoot=\box29
\LT@cols=\count92
\LT@rows=\count93
\c@LT@tables=\count94
\c@LT@chunks=\count95
\LT@p@ftn=\toks16
) (./sphinx.sty
Package: sphinx 2010/01/15 LaTeX package (Sphinx markup)

(/usr/share/texlive/texmf-dist/tex/latex/fancyhdr/fancyhdr.sty
\fancy@headwidth=\skip54
\f@ncyO@elh=\skip55
\f@ncyO@erh=\skip56
\f@ncyO@olh=\skip57
\f@ncyO@orh=\skip58
\f@ncyO@elf=\skip59
\f@ncyO@erf=\skip60
\f@ncyO@olf=\skip61
\f@ncyO@orf=\skip62
)
(/usr/share/texlive/texmf-dist/tex/latex/base/textcomp.sty
Package: textcomp 2005/09/27 v1.99g Standard LaTeX package
Package textcomp Info: Sub-encoding information:
(textcomp)               5 = only ISO-Adobe without \textcurrency
(textcomp)               4 = 5 + \texteuro
(textcomp)               3 = 4 + \textohm
(textcomp)               2 = 3 + \textestimated + \textcurrency
(textcomp)               1 = TS1 - \textcircled - \t
(textcomp)               0 = TS1 (full)
(textcomp)             Font families with sub-encoding setting implement
(textcomp)             only a restricted character set as indicated.
(textcomp)             Family '?' is the default used for unknown fonts.
(textcomp)             See the documentation for details.
Package textcomp Info: Setting ? sub-encoding to TS1/1 on input line 71.

(/usr/share/texlive/texmf-dist/tex/latex/base/ts1enc.def
File: ts1enc.def 2001/06/05 v3.0e (jk/car/fm) Standard LaTeX file
Now handling font encoding TS1 ...
... processing UTF-8 mapping file for font encoding TS1

(/usr/share/texlive/texmf-dist/tex/latex/base/ts1enc.dfu
File: ts1enc.dfu 2008/04/05 v1.1m UTF-8 support for inputenc
   defining Unicode char U+00A2 (decimal 162)
   defining Unicode char U+00A3 (decimal 163)
   defining Unicode char U+00A4 (decimal 164)
   defining Unicode char U+00A5 (decimal 165)
   defining Unicode char U+00A6 (decimal 166)
   defining Unicode char U+00A7 (decimal 167)
   defining Unicode char U+00A8 (decimal 168)
   defining Unicode char U+00A9 (decimal 169)
   defining Unicode char U+00AA (decimal 170)
   defining Unicode char U+00AC (decimal 172)
   defining Unicode char U+00AE (decimal 174)
   defining Unicode char U+00AF (decimal 175)
   defining Unicode char U+00B0 (decimal 176)
   defining Unicode char U+00B1 (decimal 177)
   defining Unicode char U+00B2 (decimal 178)
   defining Unicode char U+00B3 (decimal 179)
   defining Unicode char U+00B4 (decimal 180)
   defining Unicode char U+00B5 (decimal 181)
   defining Unicode char U+00B6 (decimal 182)
   defining Unicode char U+00B7 (decimal 183)
   defining Unicode char U+00B9 (decimal 185)
   defining Unicode char U+00BA (decimal 186)
   defining Unicode char U+00BC (decimal 188)
   defining Unicode char U+00BD (decimal 189)
   defining Unicode char U+00BE (decimal 190)
   defining Unicode char U+00D7 (decimal 215)
   defining Unicode char U+00F7 (decimal 247)
   defining Unicode char U+0192 (decimal 402)
   defining Unicode char U+02C7 (decimal 711)
   defining Unicode char U+02D8 (decimal 728)
   defining Unicode char U+02DD (decimal 733)
   defining Unicode char U+0E3F (decimal 3647)
   defining Unicode char U+2016 (decimal 8214)
   defining Unicode char U+2020 (decimal 8224)
   defining Unicode char U+2021 (decimal 8225)
   defining Unicode char U+2022 (decimal 8226)
   defining Unicode char U+2030 (decimal 8240)
   defining Unicode char U+2031 (decimal 8241)
   defining Unicode char U+203B (decimal 8251)
   defining Unicode char U+203D (decimal 8253)
   defining Unicode char U+2044 (decimal 8260)
   defining Unicode char U+204E (decimal 8270)
   defining Unicode char U+2052 (decimal 8274)
   defining Unicode char U+20A1 (decimal 8353)
   defining Unicode char U+20A4 (decimal 8356)
   defining Unicode char U+20A6 (decimal 8358)
   defining Unicode char U+20A9 (decimal 8361)
   defining Unicode char U+20AB (decimal 8363)
   defining Unicode char U+20AC (decimal 8364)
   defining Unicode char U+20B1 (decimal 8369)
   defining Unicode char U+2103 (decimal 8451)
   defining Unicode char U+2116 (decimal 8470)
   defining Unicode char U+2117 (decimal 8471)
   defining Unicode char U+211E (decimal 8478)
   defining Unicode char U+2120 (decimal 8480)
   defining Unicode char U+2122 (decimal 8482)
   defining Unicode char U+2126 (decimal 8486)
   defining Unicode char U+2127 (decimal 8487)
   defining Unicode char U+212E (decimal 8494)
   defining Unicode char U+2190 (decimal 8592)
   defining Unicode char U+2191 (decimal 8593)
   defining Unicode char U+2192 (decimal 8594)
   defining Unicode char U+2193 (decimal 8595)
   defining Unicode char U+2329 (decimal 9001)
   defining Unicode char U+232A (decimal 9002)
   defining Unicode char U+2422 (decimal 9250)
   defining Unicode char U+25E6 (decimal 9702)
   defining Unicode char U+25EF (decimal 9711)
   defining Unicode char U+266A (decimal 9834)
))
LaTeX Info: Redefining \oldstylenums on input line 266.
Package textcomp Info: Setting cmr sub-encoding to TS1/0 on input line 281.
Package textcomp Info: Setting cmss sub-encoding to TS1/0 on input line 282.
Package textcomp Info: Setting cmtt sub-encoding to TS1/0 on input line 283.
Package textcomp Info: Setting cmvtt sub-encoding to TS1/0 on input line 284.
Package textcomp Info: Setting cmbr sub-encoding to TS1/0 on input line 285.
Package textcomp Info: Setting cmtl sub-encoding to TS1/0 on input line 286.
Package textcomp Info: Setting ccr sub-encoding to TS1/0 on input line 287.
Package textcomp Info: Setting ptm sub-encoding to TS1/4 on input line 288.
Package textcomp Info: Setting pcr sub-encoding to TS1/4 on input line 289.
Package textcomp Info: Setting phv sub-encoding to TS1/4 on input line 290.
Package textcomp Info: Setting ppl sub-encoding to TS1/3 on input line 291.
Package textcomp Info: Setting pag sub-encoding to TS1/4 on input line 292.
Package textcomp Info: Setting pbk sub-encoding to TS1/4 on input line 293.
Package textcomp Info: Setting pnc sub-encoding to TS1/4 on input line 294.
Package textcomp Info: Setting pzc sub-encoding to TS1/4 on input line 295.
Package textcomp Info: Setting bch sub-encoding to TS1/4 on input line 296.
Package textcomp Info: Setting put sub-encoding to TS1/5 on input line 297.
Package textcomp Info: Setting uag sub-encoding to TS1/5 on input line 298.
Package textcomp Info: Setting ugq sub-encoding to TS1/5 on input line 299.
Package textcomp Info: Setting ul8 sub-encoding to TS1/4 on input line 300.
Package textcomp Info: Setting ul9 sub-encoding to TS1/4 on input line 301.
Package textcomp Info: Setting augie sub-encoding to TS1/5 on input line 302.
Package textcomp Info: Setting dayrom sub-encoding to TS1/3 on input line 303.
Package textcomp Info: Setting dayroms sub-encoding to TS1/3 on input line 304.

Package textcomp Info: Setting pxr sub-encoding to TS1/0 on input line 305.
Package textcomp Info: Setting pxss sub-encoding to TS1/0 on input line 306.
Package textcomp Info: Setting pxtt sub-encoding to TS1/0 on input line 307.
Package textcomp Info: Setting txr sub-encoding to TS1/0 on input line 308.
Package textcomp Info: Setting txss sub-encoding to TS1/0 on input line 309.
Package textcomp Info: Setting txtt sub-encoding to TS1/0 on input line 310.
Package textcomp Info: Setting lmr sub-encoding to TS1/0 on input line 311.
Package textcomp Info: Setting lmdh sub-encoding to TS1/0 on input line 312.
Package textcomp Info: Setting lmss sub-encoding to TS1/0 on input line 313.
Package textcomp Info: Setting lmssq sub-encoding to TS1/0 on input line 314.
Package textcomp Info: Setting lmvtt sub-encoding to TS1/0 on input line 315.
Package textcomp Info: Setting qhv sub-encoding to TS1/0 on input line 316.
Package textcomp Info: Setting qag sub-encoding to TS1/0 on input line 317.
Package textcomp Info: Setting qbk sub-encoding to TS1/0 on input line 318.
Package textcomp Info: Setting qcr sub-encoding to TS1/0 on input line 319.
Package textcomp Info: Setting qcs sub-encoding to TS1/0 on input line 320.
Package textcomp Info: Setting qpl sub-encoding to TS1/0 on input line 321.
Package textcomp Info: Setting qtm sub-encoding to TS1/0 on input line 322.
Package textcomp Info: Setting qzc sub-encoding to TS1/0 on input line 323.
Package textcomp Info: Setting qhvc sub-encoding to TS1/0 on input line 324.
Package textcomp Info: Setting futs sub-encoding to TS1/4 on input line 325.
Package textcomp Info: Setting futx sub-encoding to TS1/4 on input line 326.
Package textcomp Info: Setting futj sub-encoding to TS1/4 on input line 327.
Package textcomp Info: Setting hlh sub-encoding to TS1/3 on input line 328.
Package textcomp Info: Setting hls sub-encoding to TS1/3 on input line 329.
Package textcomp Info: Setting hlst sub-encoding to TS1/3 on input line 330.
Package textcomp Info: Setting hlct sub-encoding to TS1/5 on input line 331.
Package textcomp Info: Setting hlx sub-encoding to TS1/5 on input line 332.
Package textcomp Info: Setting hlce sub-encoding to TS1/5 on input line 333.
Package textcomp Info: Setting hlcn sub-encoding to TS1/5 on input line 334.
Package textcomp Info: Setting hlcw sub-encoding to TS1/5 on input line 335.
Package textcomp Info: Setting hlcf sub-encoding to TS1/5 on input line 336.
Package textcomp Info: Setting pplx sub-encoding to TS1/3 on input line 337.
Package textcomp Info: Setting pplj sub-encoding to TS1/3 on input line 338.
Package textcomp Info: Setting ptmx sub-encoding to TS1/4 on input line 339.
Package textcomp Info: Setting ptmj sub-encoding to TS1/4 on input line 340.
)
(/usr/share/texlive/texmf-dist/tex/latex/fancybox/fancybox.sty
Package: fancybox 2010/05/15 1.4

Style option: `fancybox' v1.4 <2010/05/15> (tvz)
\@fancybox=\box30
\shadowsize=\dimen105
\@Sbox=\box31
\do@VerbBox=\toks17
\the@fancyput=\toks18
\this@fancyput=\toks19
\EndVerbatimTokens=\toks20
\Verbatim@Outfile=\write3
\Verbatim@Infile=\read1
) (/usr/share/texlive/texmf-dist/tex/latex/titlesec/titlesec.sty
Package: titlesec 2011/12/15 v2.10.0 Sectioning titles
\ttl@box=\box32
\beforetitleunit=\skip63
\aftertitleunit=\skip64
\ttl@plus=\dimen106
\ttl@minus=\dimen107
\ttl@toksa=\toks21
\titlewidth=\dimen108
\titlewidthlast=\dimen109
\titlewidthfirst=\dimen110
)
(./tabulary.sty
Package: tabulary 2008/12/01 v0.9 tabulary package (DPC)
 (/usr/share/texlive/texmf-dist/tex/latex/tools/array.sty
Package: array 2008/09/09 v2.4c Tabular extension package (FMi)
\col@sep=\dimen111
\extrarowheight=\dimen112
\NC@list=\toks22
\extratabsurround=\skip65
\backup@length=\skip66
)
\TY@count=\count96
\TY@linewidth=\dimen113
\tymin=\dimen114
\tymax=\dimen115
\TY@tablewidth=\dimen116
)
(/usr/share/texlive/texmf-dist/tex/latex/amsmath/amsmath.sty
Package: amsmath 2013/01/14 v2.14 AMS math features
\@mathmargin=\skip67

For additional information on amsmath, use the `?' option.
(/usr/share/texlive/texmf-dist/tex/latex/amsmath/amstext.sty
Package: amstext 2000/06/29 v2.01

(/usr/share/texlive/texmf-dist/tex/latex/amsmath/amsgen.sty
File: amsgen.sty 1999/11/30 v2.0
\@emptytoks=\toks23
\ex@=\dimen117
))
(/usr/share/texlive/texmf-dist/tex/latex/amsmath/amsbsy.sty
Package: amsbsy 1999/11/29 v1.2d
\pmbraise@=\dimen118
)
(/usr/share/texlive/texmf-dist/tex/latex/amsmath/amsopn.sty
Package: amsopn 1999/12/14 v2.01 operator names
)
\inf@bad=\count97
LaTeX Info: Redefining \frac on input line 210.
\uproot@=\count98
\leftroot@=\count99
LaTeX Info: Redefining \overline on input line 306.
\classnum@=\count100
\DOTSCASE@=\count101
LaTeX Info: Redefining \ldots on input line 378.
LaTeX Info: Redefining \dots on input line 381.
LaTeX Info: Redefining \cdots on input line 466.
\Mathstrutbox@=\box33
\strutbox@=\box34
\big@size=\dimen119
LaTeX Font Info:    Redeclaring font encoding OML on input line 566.
LaTeX Font Info:    Redeclaring font encoding OMS on input line 567.
\macc@depth=\count102
\c@MaxMatrixCols=\count103
\dotsspace@=\muskip10
\c@parentequation=\count104
\dspbrk@lvl=\count105
\tag@help=\toks24
\row@=\count106
\column@=\count107
\maxfields@=\count108
\andhelp@=\toks25
\eqnshift@=\dimen120
\alignsep@=\dimen121
\tagshift@=\dimen122
\tagwidth@=\dimen123
\totwidth@=\dimen124
\lineht@=\dimen125
\@envbody=\toks26
\multlinegap=\skip68
\multlinetaggap=\skip69
\mathdisplay@stack=\toks27
LaTeX Info: Redefining \[ on input line 2665.
LaTeX Info: Redefining \] on input line 2666.
)
(/usr/share/texlive/texmf-dist/tex/latex/base/makeidx.sty
Package: makeidx 2000/03/29 v1.0m Standard LaTeX package
)
(/usr/share/texlive/texmf-dist/tex/latex/framed/framed.sty
Package: framed 2011/10/22 v 0.96: framed or shaded text with page breaks
\OuterFrameSep=\skip70
\fb@frw=\dimen126
\fb@frh=\dimen127
\FrameRule=\dimen128
\FrameSep=\dimen129
)
(/usr/share/texlive/texmf-dist/tex/latex/base/ifthen.sty
Package: ifthen 2001/05/26 v1.1c Standard LaTeX ifthen package (DPC)
)
(/usr/share/texlive/texmf-dist/tex/latex/graphics/color.sty
Package: color 2005/11/14 v1.0j Standard LaTeX Color (DPC)

(/usr/share/texlive/texmf-dist/tex/latex/latexconfig/color.cfg
File: color.cfg 2007/01/18 v1.5 color configuration of teTeX/TeXLive
)
Package color Info: Driver file: pdftex.def on input line 130.

(/usr/share/texlive/texmf-dist/tex/latex/pdftex-def/pdftex.def
File: pdftex.def 2011/05/27 v0.06d Graphics/color for pdfTeX

(/usr/share/texlive/texmf-dist/tex/generic/oberdiek/infwarerr.sty
Package: infwarerr 2010/04/08 v1.3 Providing info/warning/error messages (HO)
)
(/usr/share/texlive/texmf-dist/tex/generic/oberdiek/ltxcmds.sty
Package: ltxcmds 2011/11/09 v1.22 LaTeX kernel commands for general use (HO)
)
\Gread@gobject=\count109
))
(/usr/share/texlive/texmf-dist/tex/latex/fancyvrb/fancyvrb.sty
Package: fancyvrb 2008/02/07

Style option: `fancyvrb' v2.7a, with DG/SPQR fixes, and firstline=lastline fix 
<2008/02/07> (tvz) (/usr/share/texlive/texmf-dist/tex/latex/graphics/keyval.sty
Package: keyval 1999/03/16 v1.13 key=value parser (DPC)
\KV@toks@=\toks28
)
\FV@CodeLineNo=\count110
\FV@InFile=\read2
\FV@TabBox=\box35
\c@FancyVerbLine=\count111
\FV@StepNumber=\count112
\FV@OutFile=\write4
) (/usr/share/texlive/texmf-dist/tex/latex/threeparttable/threeparttable.sty
Package: threeparttable 2003/06/13  v 3.0
\@tempboxb=\box36
)
(/usr/share/texlive/texmf-dist/tex/latex/mdwtools/footnote.sty
Package: footnote 1997/01/28 1.13 Save footnotes around boxes
\fn@notes=\box37
\fn@width=\dimen130
)
(/usr/share/texlive/texmf-dist/tex/latex/wrapfig/wrapfig.sty
\wrapoverhang=\dimen131
\WF@size=\dimen132
\c@WF@wrappedlines=\count113
\WF@box=\box38
\WF@everypar=\toks29
Package: wrapfig 2003/01/31  v 3.6
)
(/usr/share/texlive/texmf-dist/tex/latex/parskip/parskip.sty
Package: parskip 2001/04/09 non-zero parskip adjustments
)
(/usr/share/texlive/texmf-dist/tex/latex/base/alltt.sty
Package: alltt 1997/06/16 v2.0g defines alltt environment
)
(/usr/share/texlive/texmf-dist/tex/latex/graphics/graphicx.sty
Package: graphicx 1999/02/16 v1.0f Enhanced LaTeX Graphics (DPC,SPQR)

(/usr/share/texlive/texmf-dist/tex/latex/graphics/graphics.sty
Package: graphics 2009/02/05 v1.0o Standard LaTeX Graphics (DPC,SPQR)

(/usr/share/texlive/texmf-dist/tex/latex/graphics/trig.sty
Package: trig 1999/03/16 v1.09 sin cos tan (DPC)
)
(/usr/share/texlive/texmf-dist/tex/latex/latexconfig/graphics.cfg
File: graphics.cfg 2010/04/23 v1.9 graphics configuration of TeX Live
)
Package graphics Info: Driver file: pdftex.def on input line 91.
)
\Gin@req@height=\dimen133
\Gin@req@width=\dimen134
)
(/usr/share/texlive/texmf-dist/tex/plain/misc/pdfcolor.tex)
\distancetoright=\skip71
\py@argswidth=\skip72
\py@noticelength=\skip73
\lineblockindentation=\skip74
\image@box=\box39
\image@width=\dimen135

(/usr/share/texlive/texmf-dist/tex/latex/hyperref/hyperref.sty
Package: hyperref 2012/11/06 v6.83m Hypertext links for LaTeX

(/usr/share/texlive/texmf-dist/tex/generic/oberdiek/hobsub-hyperref.sty
Package: hobsub-hyperref 2012/05/28 v1.13 Bundle oberdiek, subset hyperref (HO)


(/usr/share/texlive/texmf-dist/tex/generic/oberdiek/hobsub-generic.sty
Package: hobsub-generic 2012/05/28 v1.13 Bundle oberdiek, subset generic (HO)
Package: hobsub 2012/05/28 v1.13 Construct package bundles (HO)
Package hobsub Info: Skipping package `infwarerr' (already loaded).
Package hobsub Info: Skipping package `ltxcmds' (already loaded).
Package: ifluatex 2010/03/01 v1.3 Provides the ifluatex switch (HO)
Package ifluatex Info: LuaTeX not detected.
Package: ifvtex 2010/03/01 v1.5 Detect VTeX and its facilities (HO)
Package ifvtex Info: VTeX not detected.
Package: intcalc 2007/09/27 v1.1 Expandable calculations with integers (HO)
Package: ifpdf 2011/01/30 v2.3 Provides the ifpdf switch (HO)
Package ifpdf Info: pdfTeX in PDF mode is detected.
Package: etexcmds 2011/02/16 v1.5 Avoid name clashes with e-TeX commands (HO)
Package etexcmds Info: Could not find \expanded.
(etexcmds)             That can mean that you are not using pdfTeX 1.50 or
(etexcmds)             that some package has redefined \expanded.
(etexcmds)             In the latter case, load this package earlier.
Package: kvsetkeys 2012/04/25 v1.16 Key value parser (HO)
Package: kvdefinekeys 2011/04/07 v1.3 Define keys (HO)
Package: pdftexcmds 2011/11/29 v0.20 Utility functions of pdfTeX for LuaTeX (HO
)
Package pdftexcmds Info: LuaTeX not detected.
Package pdftexcmds Info: \pdf@primitive is available.
Package pdftexcmds Info: \pdf@ifprimitive is available.
Package pdftexcmds Info: \pdfdraftmode found.
Package: pdfescape 2011/11/25 v1.13 Implements pdfTeX's escape features (HO)
Package: bigintcalc 2012/04/08 v1.3 Expandable calculations on big integers (HO
)
Package: bitset 2011/01/30 v1.1 Handle bit-vector datatype (HO)
Package: uniquecounter 2011/01/30 v1.2 Provide unlimited unique counter (HO)
)
Package hobsub Info: Skipping package `hobsub' (already loaded).
Package: letltxmacro 2010/09/02 v1.4 Let assignment for LaTeX macros (HO)
Package: hopatch 2012/05/28 v1.2 Wrapper for package hooks (HO)
Package: xcolor-patch 2011/01/30 xcolor patch
Package: atveryend 2011/06/30 v1.8 Hooks at the very end of document (HO)
Package atveryend Info: \enddocument detected (standard20110627).
Package: atbegshi 2011/10/05 v1.16 At begin shipout hook (HO)
Package: refcount 2011/10/16 v3.4 Data extraction from label references (HO)
Package: hycolor 2011/01/30 v1.7 Color options for hyperref/bookmark (HO)
)
(/usr/share/texlive/texmf-dist/tex/generic/ifxetex/ifxetex.sty
Package: ifxetex 2010/09/12 v0.6 Provides ifxetex conditional
)
(/usr/share/texlive/texmf-dist/tex/latex/oberdiek/auxhook.sty
Package: auxhook 2011/03/04 v1.3 Hooks for auxiliary files (HO)
)
(/usr/share/texlive/texmf-dist/tex/latex/oberdiek/kvoptions.sty
Package: kvoptions 2011/06/30 v3.11 Key value format for package options (HO)
)
\@linkdim=\dimen136
\Hy@linkcounter=\count114
\Hy@pagecounter=\count115

(/usr/share/texlive/texmf-dist/tex/latex/hyperref/pd1enc.def
File: pd1enc.def 2012/11/06 v6.83m Hyperref: PDFDocEncoding definition (HO)
Now handling font encoding PD1 ...
... no UTF-8 mapping file for font encoding PD1
)
\Hy@SavedSpaceFactor=\count116

(/usr/share/texlive/texmf-dist/tex/latex/latexconfig/hyperref.cfg
File: hyperref.cfg 2002/06/06 v1.2 hyperref configuration of TeXLive
)
Package hyperref Info: Option `colorlinks' set `true' on input line 4319.
Package hyperref Info: Option `breaklinks' set `true' on input line 4319.
Package hyperref Info: Hyper figures OFF on input line 4443.
Package hyperref Info: Link nesting OFF on input line 4448.
Package hyperref Info: Hyper index ON on input line 4451.
Package hyperref Info: Plain pages OFF on input line 4458.
Package hyperref Info: Backreferencing OFF on input line 4463.
Package hyperref Info: Implicit mode ON; LaTeX internals redefined.
Package hyperref Info: Bookmarks ON on input line 4688.
\c@Hy@tempcnt=\count117

(/usr/share/texlive/texmf-dist/tex/latex/url/url.sty
\Urlmuskip=\muskip11
Package: url 2013/09/16  ver 3.4  Verb mode for urls, etc.
)
LaTeX Info: Redefining \url on input line 5041.
\XeTeXLinkMargin=\dimen137
\Fld@menulength=\count118
\Field@Width=\dimen138
\Fld@charsize=\dimen139
Package hyperref Info: Hyper figures OFF on input line 6295.
Package hyperref Info: Link nesting OFF on input line 6300.
Package hyperref Info: Hyper index ON on input line 6303.
Package hyperref Info: backreferencing OFF on input line 6310.
Package hyperref Info: Link coloring ON on input line 6313.
Package hyperref Info: Link coloring with OCG OFF on input line 6320.
Package hyperref Info: PDF/A mode OFF on input line 6325.
LaTeX Info: Redefining \ref on input line 6365.
LaTeX Info: Redefining \pageref on input line 6369.
\Hy@abspage=\count119
\c@Item=\count120
\c@Hfootnote=\count121
)

Package hyperref Message: Driver (autodetected): hpdftex.

(/usr/share/texlive/texmf-dist/tex/latex/hyperref/hpdftex.def
File: hpdftex.def 2012/11/06 v6.83m Hyperref driver for pdfTeX
\Fld@listcount=\count122
\c@bookmark@seq@number=\count123

(/usr/share/texlive/texmf-dist/tex/latex/oberdiek/rerunfilecheck.sty
Package: rerunfilecheck 2011/04/15 v1.7 Rerun checks for auxiliary files (HO)
Package uniquecounter Info: New unique counter `rerunfilecheck' on input line 2
82.
)
\Hy@SectionHShift=\skip75
)
(/usr/share/texlive/texmf-dist/tex/latex/oberdiek/hypcap.sty
Package: hypcap 2011/02/16 v1.11 Adjusting the anchors of captions (HO)
)
\DUlineblockindent=\skip76
)
(/usr/share/texlive/texmf-dist/tex/latex/multirow/multirow.sty
\bigstrutjot=\dimen140
)
\@indexfile=\write5
\openout5 = `ownCloud_User_Manual.idx'.


Writing index file ownCloud_User_Manual.idx
(./ownCloud_User_Manual.aux)
\openout1 = `ownCloud_User_Manual.aux'.

LaTeX Font Info:    Checking defaults for OML/cmm/m/it on input line 117.
LaTeX Font Info:    ... okay on input line 117.
LaTeX Font Info:    Checking defaults for T1/cmr/m/n on input line 117.
LaTeX Font Info:    ... okay on input line 117.
LaTeX Font Info:    Checking defaults for OT1/cmr/m/n on input line 117.
LaTeX Font Info:    ... okay on input line 117.
LaTeX Font Info:    Checking defaults for OMS/cmsy/m/n on input line 117.
LaTeX Font Info:    ... okay on input line 117.
LaTeX Font Info:    Checking defaults for OMX/cmex/m/n on input line 117.
LaTeX Font Info:    ... okay on input line 117.
LaTeX Font Info:    Checking defaults for U/cmr/m/n on input line 117.
LaTeX Font Info:    ... okay on input line 117.
LaTeX Font Info:    Checking defaults for TS1/cmr/m/n on input line 117.
LaTeX Font Info:    Try loading font information for TS1+cmr on input line 117.


(/usr/share/texlive/texmf-dist/tex/latex/base/ts1cmr.fd
File: ts1cmr.fd 1999/05/25 v2.5h Standard LaTeX font definitions
)
LaTeX Font Info:    ... okay on input line 117.
LaTeX Font Info:    Checking defaults for PD1/pdf/m/n on input line 117.
LaTeX Font Info:    ... okay on input line 117.
LaTeX Font Info:    Try loading font information for T1+ptm on input line 117.

(/usr/share/texlive/texmf-dist/tex/latex/psnfss/t1ptm.fd
File: t1ptm.fd 2001/06/04 font definitions for T1/ptm.
)
(/usr/share/texlive/texmf-dist/tex/context/base/supp-pdf.mkii
[Loading MPS to PDF converter (version 2006.09.02).]
\scratchcounter=\count124
\scratchdimen=\dimen141
\scratchbox=\box40
\nofMPsegments=\count125
\nofMParguments=\count126
\everyMPshowfont=\toks30
\MPscratchCnt=\count127
\MPscratchDim=\dimen142
\MPnumerator=\count128
\makeMPintoPDFobject=\count129
\everyMPtoPDFconversion=\toks31
) (/usr/share/texlive/texmf-dist/tex/latex/oberdiek/epstopdf-base.sty
Package: epstopdf-base 2010/02/09 v2.5 Base part for package epstopdf

(/usr/share/texlive/texmf-dist/tex/latex/oberdiek/grfext.sty
Package: grfext 2010/08/19 v1.1 Manage graphics extensions (HO)
)
Package grfext Info: Graphics extension search list:
(grfext)             [.png,.pdf,.jpg,.mps,.jpeg,.jbig2,.jb2,.PNG,.PDF,.JPG,.JPE
G,.JBIG2,.JB2,.eps]
(grfext)             \AppendGraphicsExtensions on input line 452.

(/usr/share/texlive/texmf-dist/tex/latex/latexconfig/epstopdf-sys.cfg
File: epstopdf-sys.cfg 2010/07/13 v1.3 Configuration of (r)epstopdf for TeX Liv
e
))
\AtBeginShipoutBox=\box41
Package hyperref Info: Link coloring ON on input line 117.

(/usr/share/texlive/texmf-dist/tex/latex/hyperref/nameref.sty
Package: nameref 2012/10/27 v2.43 Cross-referencing by name of section

(/usr/share/texlive/texmf-dist/tex/generic/oberdiek/gettitlestring.sty
Package: gettitlestring 2010/12/03 v1.4 Cleanup title references (HO)
)
\c@section@level=\count130
)
LaTeX Info: Redefining \ref on input line 117.
LaTeX Info: Redefining \pageref on input line 117.
LaTeX Info: Redefining \nameref on input line 117.

(./ownCloud_User_Manual.out) (./ownCloud_User_Manual.out)
\@outlinefile=\write6
\openout6 = `ownCloud_User_Manual.out'.


Underfull \hbox (badness 10000) in paragraph at lines 120--120

 []

<logo-blue.pdf, id=149, 43.362pt x 25.696pt>
File: logo-blue.pdf Graphic file (type pdf)
 <use logo-blue.pdf>
Package pdftex.def Info: logo-blue.pdf used on input line 120.
(pdftex.def)             Requested size: 43.36188pt x 25.69592pt.
File: logo-blue.pdf Graphic file (type pdf)

<use logo-blue.pdf>
Package pdftex.def Info: logo-blue.pdf used on input line 120.
(pdftex.def)             Requested size: 43.36188pt x 25.69592pt.
LaTeX Font Info:    Try loading font information for T1+phv on input line 120.
 (/usr/share/texlive/texmf-dist/tex/latex/psnfss/t1phv.fd
File: t1phv.fd 2001/06/04 scalable font definitions for T1/phv.
)
LaTeX Font Info:    Font shape `T1/phv/bx/n' in size <24.88> not available
(Font)              Font shape `T1/phv/b/n' tried instead on input line 120.
LaTeX Font Info:    Font shape `T1/phv/m/it' in size <17.28> not available
(Font)              Font shape `T1/phv/m/sl' tried instead on input line 120.
LaTeX Font Info:    Font shape `T1/phv/bx/it' in size <17.28> not available
(Font)              Font shape `T1/phv/b/it' tried instead on input line 120.
LaTeX Font Info:    Font shape `T1/phv/b/it' in size <17.28> not available
(Font)              Font shape `T1/phv/b/sl' tried instead on input line 120.
LaTeX Font Info:    Font shape `T1/phv/bx/n' in size <17.28> not available
(Font)              Font shape `T1/phv/b/n' tried instead on input line 120.
<<ot1.cmap>><<oml.cmap>><<oms.cmap>><<omx.cmap>> [1

{/var/lib/texmf/fonts/map/pdftex/updmap/pdftex.map} <./logo-blue.pdf>] [2

] (./ownCloud_User_Manual.toc
LaTeX Font Info:    Font shape `T1/ptm/bx/n' in size <10> not available
(Font)              Font shape `T1/ptm/b/n' tried instead on input line 2.
LaTeX Font Info:    Font shape `T1/phv/bx/n' in size <10> not available
(Font)              Font shape `T1/phv/b/n' tried instead on input line 115.

[1

])
\tf@toc=\write7
\openout7 = `ownCloud_User_Manual.toc'.

 [2]
Chapter 1.
LaTeX Font Info:    Font shape `T1/phv/bx/n' in size <14.4> not available
(Font)              Font shape `T1/phv/b/n' tried instead on input line 125.
LaTeX Font Info:    Font shape `T1/ptm/bx/n' in size <14.4> not available
(Font)              Font shape `T1/ptm/b/n' tried instead on input line 125.
LaTeX Font Info:    Font shape `T1/ptm/bx/n' in size <24.88> not available
(Font)              Font shape `T1/ptm/b/n' tried instead on input line 125.
LaTeX Font Info:    Try loading font information for TS1+ptm on input line 142.

(/usr/share/texlive/texmf-dist/tex/latex/psnfss/ts1ptm.fd
File: ts1ptm.fd 2001/06/04 font definitions for TS1/ptm.
) [1


] [2

]
Chapter 2.
[3] [4

]
Chapter 3.
<oc_connect.png, id=236, 216.81pt x 223.58531pt>
File: oc_connect.png Graphic file (type png)
 <use oc_connect.png>
Package pdftex.def Info: oc_connect.png used on input line 185.
(pdftex.def)             Requested size: 216.80946pt x 223.58475pt.
File: oc_connect.png Graphic file (type png)

<use oc_connect.png>
Package pdftex.def Info: oc_connect.png used on input line 185.
(pdftex.def)             Requested size: 216.80946pt x 223.58475pt.
LaTeX Font Info:    Try loading font information for T1+pcr on input line 191.
 (/usr/share/texlive/texmf-dist/tex/latex/psnfss/t1pcr.fd
File: t1pcr.fd 2001/06/04 font definitions for T1/pcr.
)
<files_page1.png, id=237, 489.32813pt x 275.52937pt>
File: files_page1.png Graphic file (type png)
 <use files_page1.png>
Package pdftex.def Info: files_page1.png used on input line 204.
(pdftex.def)             Requested size: 489.32692pt x 275.52869pt.
File: files_page1.png Graphic file (type png)

<use files_page1.png>
Package pdftex.def Info: files_page1.png used on input line 204.
(pdftex.def)             Requested size: 469.755pt x 264.51358pt.
 [5 <./oc_connect.png>] [6 <./files_page1.png>] [7]
[8

]
Chapter 4.
<files_page.png, id=257, 489.32813pt x 275.52937pt>
File: files_page.png Graphic file (type png)
 <use files_page.png>
Package pdftex.def Info: files_page.png used on input line 313.
(pdftex.def)             Requested size: 489.32692pt x 275.52869pt.
File: files_page.png Graphic file (type png)

<use files_page.png>
Package pdftex.def Info: files_page.png used on input line 313.
(pdftex.def)             Requested size: 469.755pt x 264.51358pt.
LaTeX Font Info:    Font shape `T1/phv/bx/n' in size <12> not available
(Font)              Font shape `T1/phv/b/n' tried instead on input line 317.
 <permalink.png, id=258, 220.57407pt x 307.90031pt>
File: permalink.png Graphic file (type png)

<use permalink.png>
Package pdftex.def Info: permalink.png used on input line 323.
(pdftex.def)             Requested size: 220.57352pt x 307.89955pt.
File: permalink.png Graphic file (type png)
 <use permalink.png>
Package pdftex.def Info: permalink.png used on input line 323.
(pdftex.def)             Requested size: 220.57352pt x 307.89955pt.

<files_page-7.png, id=259, 331.99031pt x 295.1025pt>
File: files_page-7.png Graphic file (type png)
 <use files_page-7.png>
Package pdftex.def Info: files_page-7.png used on input line 336.
(pdftex.def)             Requested size: 331.98949pt x 295.10176pt.
File: files_page-7.png Graphic file (type png)

<use files_page-7.png>
Package pdftex.def Info: files_page-7.png used on input line 336.
(pdftex.def)             Requested size: 331.98949pt x 295.10176pt.
 [9 <./files_page.png>]
<files_page-8.png, id=266, 179.16937pt x 134.00063pt>
File: files_page-8.png Graphic file (type png)
 <use files_page-8.png>
Package pdftex.def Info: files_page-8.png used on input line 351.
(pdftex.def)             Requested size: 179.16893pt x 134.00027pt.
File: files_page-8.png Graphic file (type png)

<use files_page-8.png>
Package pdftex.def Info: files_page-8.png used on input line 351.
(pdftex.def)             Requested size: 179.16893pt x 134.00027pt.

<file_menu_comments_2.png, id=267, 273.27094pt x 423.08063pt>
File: file_menu_comments_2.png Graphic file (type png)

<use file_menu_comments_2.png>
Package pdftex.def Info: file_menu_comments_2.png used on input line 362.
(pdftex.def)             Requested size: 273.27025pt x 423.07959pt.
File: file_menu_comments_2.png Graphic file (type png)
 <use file_menu_comments_2.png>
Package pdftex.def Info: file_menu_comments_2.png used on input line 362.
(pdftex.def)             Requested size: 273.27025pt x 423.07959pt.

<video_player_2.png, id=269, 965.10562pt x 542.025pt>
File: video_player_2.png Graphic file (type png)
 <use video_player_2.png>
Package pdftex.def Info: video_player_2.png used on input line 375.
(pdftex.def)             Requested size: 965.10327pt x 542.02367pt.
File: video_player_2.png Graphic file (type png)

<use video_player_2.png>
Package pdftex.def Info: video_player_2.png used on input line 375.
(pdftex.def)             Requested size: 469.755pt x 263.82465pt.
 [10 <./permalink.png>] [11 <./files_page-7.png> <./files_page-8.png>] [12 <./f
ile_menu_comments_2.png (PNG copy)>]
<files_page-1.png, id=285, 171.64125pt x 57.21375pt>
File: files_page-1.png Graphic file (type png)
 <use files_page-1.png>
Package pdftex.def Info: files_page-1.png used on input line 394.
(pdftex.def)             Requested size: 171.64081pt x 57.2136pt.
File: files_page-1.png Graphic file (type png)

<use files_page-1.png>
Package pdftex.def Info: files_page-1.png used on input line 394.
(pdftex.def)             Requested size: 171.64081pt x 57.2136pt.
 <files_page-2.png, id=286, 561.59813pt x 442.65375pt>
File: files_page-2.png Graphic file (type png)

<use files_page-2.png>
Package pdftex.def Info: files_page-2.png used on input line 416.
(pdftex.def)             Requested size: 561.59676pt x 442.65265pt.
File: files_page-2.png Graphic file (type png)
 <use files_page-2.png>
Package pdftex.def Info: files_page-2.png used on input line 416.
(pdftex.def)             Requested size: 469.755pt x 370.25958pt.
 [13 <./video_player_2.png> <./files_page-1.png>] [14 <./files_page-2.png>]
<files_page-3.png, id=296, 437.38406pt x 213.04594pt>
File: files_page-3.png Graphic file (type png)
 <use files_page-3.png>
Package pdftex.def Info: files_page-3.png used on input line 447.
(pdftex.def)             Requested size: 437.38298pt x 213.04541pt.
File: files_page-3.png Graphic file (type png)

<use files_page-3.png>
Package pdftex.def Info: files_page-3.png used on input line 447.
(pdftex.def)             Requested size: 437.38298pt x 213.04541pt.
 <files_page-4.png, id=297, 703.87968pt x 342.5297pt>
File: files_page-4.png Graphic file (type png)

<use files_page-4.png>
Package pdftex.def Info: files_page-4.png used on input line 452.
(pdftex.def)             Requested size: 703.87796pt x 342.52885pt.
File: files_page-4.png Graphic file (type png)
 <use files_page-4.png>
Package pdftex.def Info: files_page-4.png used on input line 452.
(pdftex.def)             Requested size: 469.755pt x 228.59473pt.

<hidden_files.png, id=298, 107.65219pt x 62.48344pt>
File: hidden_files.png Graphic file (type png)
 <use hidden_files.png>
Package pdftex.def Info: hidden_files.png used on input line 464.
(pdftex.def)             Requested size: 107.65192pt x 62.48328pt.
File: hidden_files.png Graphic file (type png)

<use hidden_files.png>
Package pdftex.def Info: hidden_files.png used on input line 464.
(pdftex.def)             Requested size: 107.65192pt x 62.48328pt.
 [15 <./files_page-3.png> <./files_page-4.png>]
<files_page-5.png, id=305, 386.19281pt x 197.23688pt>
File: files_page-5.png Graphic file (type png)
 <use files_page-5.png>
Package pdftex.def Info: files_page-5.png used on input line 492.
(pdftex.def)             Requested size: 386.19185pt x 197.23637pt.
File: files_page-5.png Graphic file (type png)

<use files_page-5.png>
Package pdftex.def Info: files_page-5.png used on input line 492.
(pdftex.def)             Requested size: 386.19185pt x 197.23637pt.

<users-overlays-win-net-drive.png, id=306, 61.73062pt x 65.49469pt>
File: users-overlays-win-net-drive.png Graphic file (type png)

<use users-overlays-win-net-drive.png>
Package pdftex.def Info: users-overlays-win-net-drive.png used on input line 50
2.
(pdftex.def)             Requested size: 61.73045pt x 65.4945pt.
File: users-overlays-win-net-drive.png Graphic file (type png)
 <use users-overlays-win-net-drive.png>
Package pdftex.def Info: users-overlays-win-net-drive.png used on input line 50
2.
(pdftex.def)             Requested size: 61.73045pt x 65.4945pt.

<users-overlays-sharepoint.png, id=307, 66.2475pt x 143.03438pt>
File: users-overlays-sharepoint.png Graphic file (type png)

<use users-overlays-sharepoint.png>
Package pdftex.def Info: users-overlays-sharepoint.png used on input line 507.
(pdftex.def)             Requested size: 66.24733pt x 143.03401pt.
File: users-overlays-sharepoint.png Graphic file (type png)
 <use users-overlays-sharepoint.png>
Package pdftex.def Info: users-overlays-sharepoint.png used on input line 507.
(pdftex.def)             Requested size: 66.24733pt x 143.03401pt.

[16 <./hidden_files.png> <./files_page-5.png> <./users-overlays-win-net-drive.p
ng>] <files_page-6.png, id=315, 167.12437pt x 168.63pt>
File: files_page-6.png Graphic file (type png)
 <use files_page-6.png>
Package pdftex.def Info: files_page-6.png used on input line 518.
(pdftex.def)             Requested size: 167.12395pt x 168.62958pt.
File: files_page-6.png Graphic file (type png)

<use files_page-6.png>
Package pdftex.def Info: files_page-6.png used on input line 518.
(pdftex.def)             Requested size: 167.12395pt x 168.62958pt.
 [17 <./users-overlays-sharepoint.png> <./files_page-6.png>] [18] <webdav_gnome
3_nautilus.png, id=340, 927.465pt x 641.39626pt>
File: webdav_gnome3_nautilus.png Graphic file (type png)

<use webdav_gnome3_nautilus.png>
Package pdftex.def Info: webdav_gnome3_nautilus.png used on input line 674.
(pdftex.def)             Requested size: 927.46274pt x 641.39468pt.
File: webdav_gnome3_nautilus.png Graphic file (type png)
 <use webdav_gnome3_nautilus.png>
Package pdftex.def Info: webdav_gnome3_nautilus.png used on input line 674.
(pdftex.def)             Requested size: 469.755pt x 324.86656pt.
 [19]
<webdav_dolphin.png, id=348, 340.27126pt x 283.0575pt>
File: webdav_dolphin.png Graphic file (type png)

<use webdav_dolphin.png>
Package pdftex.def Info: webdav_dolphin.png used on input line 686.
(pdftex.def)             Requested size: 340.27042pt x 283.0568pt.
File: webdav_dolphin.png Graphic file (type png)
 <use webdav_dolphin.png>
Package pdftex.def Info: webdav_dolphin.png used on input line 686.
(pdftex.def)             Requested size: 340.27042pt x 283.0568pt.
 [20 <./webdav_gnome3_nautilus.png (PNG copy)>] [21 <./webdav_dolphin.png>] [22
]
<osx_webdav1.png, id=385, 504.88625pt x 428.60126pt>
File: osx_webdav1.png Graphic file (type png)
 <use osx_webdav1.png>
Package pdftex.def Info: osx_webdav1.png used on input line 888.
(pdftex.def)             Requested size: 504.885pt x 428.6002pt.
File: osx_webdav1.png Graphic file (type png)

<use osx_webdav1.png>
Package pdftex.def Info: osx_webdav1.png used on input line 888.
(pdftex.def)             Requested size: 419.75494pt x 356.33408pt.
 [23]
<osx_webdav2.png, id=396, 703.62875pt x 414.54875pt>
File: osx_webdav2.png Graphic file (type png)
 <use osx_webdav2.png>
Package pdftex.def Info: osx_webdav2.png used on input line 897.
(pdftex.def)             Requested size: 703.62703pt x 414.54773pt.
File: osx_webdav2.png Graphic file (type png)

<use osx_webdav2.png>
Package pdftex.def Info: osx_webdav2.png used on input line 897.
(pdftex.def)             Requested size: 419.75494pt x 247.3016pt.
 [24 <./osx_webdav1.png> <./osx_webdav2.png>]
Overfull \hbox (5.1946pt too wide) in paragraph at lines 959--961
[]\T1/ptm/m/n/10 For ex-am-ple: \T1/pcr/m/n/10 net use Z: https://example.com/o
wncloud/remote.php/dav/files/USERNAME/
 []

[25] <explorer_webdav.png, id=420, 472.76625pt x 344.78813pt>
File: explorer_webdav.png Graphic file (type png)

<use explorer_webdav.png>
Package pdftex.def Info: explorer_webdav.png used on input line 1018.
(pdftex.def)             Requested size: 472.76509pt x 344.78728pt.
File: explorer_webdav.png Graphic file (type png)
 <use explorer_webdav.png>
Package pdftex.def Info: explorer_webdav.png used on input line 1018.
(pdftex.def)             Requested size: 469.755pt x 342.59868pt.
 [26 <./explorer_webdav.png>]
Underfull \hbox (badness 10000) in paragraph at lines 1120--1124
\T1/ptm/m/n/10 Windows lim-its the max-i-mum size a file trans-ferred from or t
o a Web-
 []


Underfull \hbox (badness 10000) in paragraph at lines 1120--1124
\T1/ptm/m/n/10 DAV share may have. You can in-crease the value \T1/ptm/b/n/10 F
ile-Size-Lim-it-In-Bytes \T1/ptm/m/n/10 in
 []


Underfull \hbox (badness 10000) in paragraph at lines 1120--1124
\T1/ptm/b/n/10 HKEY_LOCAL_MacHINE\SYSTEM\CurrentControlSet\Services\WebClient\P
arameters ** by click-ing
 []

[27] [28] [29] <gallery-1.png, id=488, 575.14874pt x 405.01312pt>
File: gallery-1.png Graphic file (type png)

<use gallery-1.png>
Package pdftex.def Info: gallery-1.png used on input line 1332.
(pdftex.def)             Requested size: 575.14734pt x 405.01212pt.
File: gallery-1.png Graphic file (type png)
 <use gallery-1.png>
Package pdftex.def Info: gallery-1.png used on input line 1332.
(pdftex.def)             Requested size: 469.755pt x 330.80273pt.

<gallery-2.png, id=489, 481.8pt x 360.59718pt>
File: gallery-2.png Graphic file (type png)
 <use gallery-2.png>
Package pdftex.def Info: gallery-2.png used on input line 1342.
(pdftex.def)             Requested size: 481.79881pt x 360.5963pt.
File: gallery-2.png Graphic file (type png)

<use gallery-2.png>
Package pdftex.def Info: gallery-2.png used on input line 1342.
(pdftex.def)             Requested size: 469.755pt x 351.59459pt.
 [30 <./gallery-1.png>] [31 <./gallery-2.png>] [32] [33]
[34] [35] <encryption1.png, id=544, 475.7775pt x 25.59563pt>
File: encryption1.png Graphic file (type png)

<use encryption1.png>
Package pdftex.def Info: encryption1.png used on input line 1779.
(pdftex.def)             Requested size: 475.77632pt x 25.59555pt.
File: encryption1.png Graphic file (type png)
 <use encryption1.png>
Package pdftex.def Info: encryption1.png used on input line 1779.
(pdftex.def)             Requested size: 469.755pt x 25.27295pt.

<encryption2.png, id=545, 275.52937pt x 222.07968pt>
File: encryption2.png Graphic file (type png)
 <use encryption2.png>
Package pdftex.def Info: encryption2.png used on input line 1787.
(pdftex.def)             Requested size: 275.52869pt x 222.07913pt.
File: encryption2.png Graphic file (type png)

<use encryption2.png>
Package pdftex.def Info: encryption2.png used on input line 1787.
(pdftex.def)             Requested size: 275.52869pt x 222.07913pt.
 [36 <./encryption1.png>]
<encryption3.png, id=552, 388.45125pt x 175.40532pt>
File: encryption3.png Graphic file (type png)
 <use encryption3.png>
Package pdftex.def Info: encryption3.png used on input line 1826.
(pdftex.def)             Requested size: 388.45029pt x 175.40488pt.
File: encryption3.png Graphic file (type png)

<use encryption3.png>
Package pdftex.def Info: encryption3.png used on input line 1826.
(pdftex.def)             Requested size: 388.45029pt x 175.40488pt.
 [37 <./encryption2.png>]
<direct-share-1.png, id=561, 462.72874pt x 141.52875pt>
File: direct-share-1.png Graphic file (type png)

<use direct-share-1.png>
Package pdftex.def Info: direct-share-1.png used on input line 1887.
(pdftex.def)             Requested size: 462.72762pt x 141.5284pt.
File: direct-share-1.png Graphic file (type png)
 <use direct-share-1.png>
Package pdftex.def Info: direct-share-1.png used on input line 1887.
(pdftex.def)             Requested size: 462.72762pt x 141.5284pt.
 [38 <./encryption3.png>]
<create_public_share-6.png, id=568, 341.02406pt x 154.32657pt>
File: create_public_share-6.png Graphic file (type png)

<use create_public_share-6.png>
Package pdftex.def Info: create_public_share-6.png used on input line 1908.
(pdftex.def)             Requested size: 341.02322pt x 154.32617pt.
File: create_public_share-6.png Graphic file (type png)
 <use create_public_share-6.png>
Package pdftex.def Info: create_public_share-6.png used on input line 1908.
(pdftex.def)             Requested size: 341.02322pt x 154.32617pt.

<create_public_share-8.png, id=569, 637.63219pt x 310.15875pt>
File: create_public_share-8.png Graphic file (type png)

<use create_public_share-8.png>
Package pdftex.def Info: create_public_share-8.png used on input line 1917.
(pdftex.def)             Requested size: 637.63063pt x 310.15799pt.
File: create_public_share-8.png Graphic file (type png)
 <use create_public_share-8.png>
Package pdftex.def Info: create_public_share-8.png used on input line 1917.
(pdftex.def)             Requested size: 469.755pt x 228.5011pt.

<create_public_share-9.png, id=570, 423.08063pt x 195.73125pt>
File: create_public_share-9.png Graphic file (type png)

<use create_public_share-9.png>
Package pdftex.def Info: create_public_share-9.png used on input line 1926.
(pdftex.def)             Requested size: 423.07959pt x 195.73076pt.
File: create_public_share-9.png Graphic file (type png)
 <use create_public_share-9.png>
Package pdftex.def Info: create_public_share-9.png used on input line 1926.
(pdftex.def)             Requested size: 423.07959pt x 195.73076pt.

<files-drop-2.png, id=571, 243.15843pt x 91.09032pt>
File: files-drop-2.png Graphic file (type png)
 <use files-drop-2.png>
Package pdftex.def Info: files-drop-2.png used on input line 1951.
(pdftex.def)             Requested size: 243.15784pt x 91.09007pt.

[39 <./direct-share-1.png> <./create_public_share-6.png>] [40 <./create_public_
share-8.png> <./create_public_share-9.png>]
File: files-drop-2.png Graphic file (type png)
 <use files-drop-2.png>
Package pdftex.def Info: files-drop-2.png used on input line 1951.
(pdftex.def)             Requested size: 243.15784pt x 91.09007pt.

<files-drop-3.png, id=583, 520.94624pt x 240.9pt>
File: files-drop-3.png Graphic file (type png)
 <use files-drop-3.png>
Package pdftex.def Info: files-drop-3.png used on input line 1960.
(pdftex.def)             Requested size: 520.94498pt x 240.8994pt.
File: files-drop-3.png Graphic file (type png)

<use files-drop-3.png>
Package pdftex.def Info: files-drop-3.png used on input line 1960.
(pdftex.def)             Requested size: 469.755pt x 217.2307pt.
 <files-drop-4.png, id=584, 362.85562pt x 115.93312pt>
File: files-drop-4.png Graphic file (type png)

<use files-drop-4.png>
Package pdftex.def Info: files-drop-4.png used on input line 1969.
(pdftex.def)             Requested size: 362.85474pt x 115.93283pt.
File: files-drop-4.png Graphic file (type png)
 <use files-drop-4.png>
Package pdftex.def Info: files-drop-4.png used on input line 1969.
(pdftex.def)             Requested size: 362.85474pt x 115.93283pt.

<files-drop-5.png, id=585, 590.205pt x 444.91219pt>
File: files-drop-5.png Graphic file (type png)
 <use files-drop-5.png>
Package pdftex.def Info: files-drop-5.png used on input line 1981.
(pdftex.def)             Requested size: 590.20355pt x 444.91109pt.
File: files-drop-5.png Graphic file (type png)

<use files-drop-5.png>
Package pdftex.def Info: files-drop-5.png used on input line 1981.
(pdftex.def)             Requested size: 469.755pt x 354.11761pt.
 <files-drop-6.png, id=586, 544.28343pt x 483.30562pt>
File: files-drop-6.png Graphic file (type png)

<use files-drop-6.png>
Package pdftex.def Info: files-drop-6.png used on input line 1990.
(pdftex.def)             Requested size: 544.2821pt x 483.30444pt.
File: files-drop-6.png Graphic file (type png)
 <use files-drop-6.png>
Package pdftex.def Info: files-drop-6.png used on input line 1990.
(pdftex.def)             Requested size: 469.755pt x 417.1244pt.

<files-drop-7.png, id=587, 288.3272pt x 365.11406pt>
File: files-drop-7.png Graphic file (type png)
 <use files-drop-7.png>
Package pdftex.def Info: files-drop-7.png used on input line 1998.
(pdftex.def)             Requested size: 288.32648pt x 365.11316pt.
File: files-drop-7.png Graphic file (type png)

<use files-drop-7.png>
Package pdftex.def Info: files-drop-7.png used on input line 1998.
(pdftex.def)             Requested size: 288.32648pt x 365.11316pt.
 [41 <./files-drop-2.png> <./files-drop-3.png> <./files-drop-4.png>] [42 <./fil
es-drop-5.png> <./files-drop-6.png>] [43 <./files-drop-7.png>] <quota1.png, id=
606, 256.70906pt x 46.67438pt>
File: quota1.png Graphic file (type png)
 <use quota1.png>
Package pdftex.def Info: quota1.png used on input line 2032.
(pdftex.def)             Requested size: 256.70842pt x 46.67424pt.
File: quota1.png Graphic file (type png)

<use quota1.png>
Package pdftex.def Info: quota1.png used on input line 2032.
(pdftex.def)             Requested size: 256.70842pt x 46.67424pt.
 <files_versioning.png, id=607, 271.0125pt x 213.04594pt>
File: files_versioning.png Graphic file (type png)

<use files_versioning.png>
Package pdftex.def Info: files_versioning.png used on input line 2073.
(pdftex.def)             Requested size: 271.01183pt x 213.04541pt.
File: files_versioning.png Graphic file (type png)
 <use files_versioning.png>
Package pdftex.def Info: files_versioning.png used on input line 2073.
(pdftex.def)             Requested size: 271.01183pt x 213.04541pt.
 [44 <./quota1.png>]
[45 <./files_versioning.png>] [46

]
Chapter 5.
[47]
Overfull \hbox (123.47186pt too wide) in paragraph at lines 2263--2267
[]\T1/ptm/m/n/10 The setup is ba-si-cally the same as with iOS us-ing the path 
\T1/pcr/m/n/10 https://example.com/remote.php/dav/principals/users/USERNAME/
 []

[48] <kdes1.png, id=660, 301.125pt x 233.87375pt>
File: kdes1.png Graphic file (type png)
 <use kdes1.png>
Package pdftex.def Info: kdes1.png used on input line 2316.
(pdftex.def)             Requested size: 301.12425pt x 233.87315pt.
File: kdes1.png Graphic file (type png)

<use kdes1.png>
Package pdftex.def Info: kdes1.png used on input line 2316.
(pdftex.def)             Requested size: 301.12425pt x 233.87315pt.
 <kdes2.png, id=661, 301.125pt x 237.88875pt>
File: kdes2.png Graphic file (type png)
 <use kdes2.png>
Package pdftex.def Info: kdes2.png used on input line 2324.
(pdftex.def)             Requested size: 301.12425pt x 237.88815pt.
File: kdes2.png Graphic file (type png)

<use kdes2.png>
Package pdftex.def Info: kdes2.png used on input line 2324.
(pdftex.def)             Requested size: 301.12425pt x 237.88815pt.
 [49 <./kdes1.png>]
<kdes3.png, id=671, 301.125pt x 237.88875pt>
File: kdes3.png Graphic file (type png)
 <use kdes3.png>
Package pdftex.def Info: kdes3.png used on input line 2328.
(pdftex.def)             Requested size: 301.12425pt x 237.88815pt.
File: kdes3.png Graphic file (type png)
 <use kdes3.png>
Package pdftex.def Info: kdes3.png used on input line 2328.
(pdftex.def)             Requested size: 301.12425pt x 237.88815pt.

<kdes4.png, id=672, 301.125pt x 237.88875pt>
File: kdes4.png Graphic file (type png)
 <use kdes4.png>
Package pdftex.def Info: kdes4.png used on input line 2332.
(pdftex.def)             Requested size: 301.12425pt x 237.88815pt.
File: kdes4.png Graphic file (type png)
 <use kdes4.png>
Package pdftex.def Info: kdes4.png used on input line 2332.
(pdftex.def)             Requested size: 301.12425pt x 237.88815pt.

[50 <./kdes2.png> <./kdes3.png>] <kdes5.png, id=679, 301.125pt x 237.88875pt>
File: kdes5.png Graphic file (type png)

<use kdes5.png>
Package pdftex.def Info: kdes5.png used on input line 2337.
(pdftex.def)             Requested size: 301.12425pt x 237.88815pt.
File: kdes5.png Graphic file (type png)
 <use kdes5.png>
Package pdftex.def Info: kdes5.png used on input line 2337.
(pdftex.def)             Requested size: 301.12425pt x 237.88815pt.
 <kdes6.png, id=680, 253.94875pt x 301.125pt>
File: kdes6.png Graphic file (type png)

<use kdes6.png>
Package pdftex.def Info: kdes6.png used on input line 2342.
(pdftex.def)             Requested size: 253.94812pt x 301.12425pt.
File: kdes6.png Graphic file (type png)
 <use kdes6.png>
Package pdftex.def Info: kdes6.png used on input line 2342.
(pdftex.def)             Requested size: 253.94812pt x 301.12425pt.
 [51 <./kdes4.png> <./kdes5.png>]
<kdes7.png, id=689, 259.7203pt x 55.70813pt>
File: kdes7.png Graphic file (type png)
 <use kdes7.png>
Package pdftex.def Info: kdes7.png used on input line 2347.
(pdftex.def)             Requested size: 259.71967pt x 55.70798pt.
File: kdes7.png Graphic file (type png)
 <use kdes7.png>
Package pdftex.def Info: kdes7.png used on input line 2347.
(pdftex.def)             Requested size: 259.71967pt x 55.70798pt.

<kdes9.png, id=690, 157.33781pt x 43.66313pt>
File: kdes9.png Graphic file (type png)
 <use kdes9.png>
Package pdftex.def Info: kdes9.png used on input line 2355.
(pdftex.def)             Requested size: 157.33742pt x 43.66301pt.
File: kdes9.png Graphic file (type png)
 <use kdes9.png>
Package pdftex.def Info: kdes9.png used on input line 2355.
(pdftex.def)             Requested size: 157.33742pt x 43.66301pt.

<kdes.png, id=691, 295.1025pt x 188.95593pt>
File: kdes.png Graphic file (type png)
 <use kdes.png>
Package pdftex.def Info: kdes.png used on input line 2357.
(pdftex.def)             Requested size: 295.10176pt x 188.95546pt.
File: kdes.png Graphic file (type png)
 <use kdes.png>
Package pdftex.def Info: kdes.png used on input line 2357.
(pdftex.def)             Requested size: 295.10176pt x 188.95546pt.

[52 <./kdes6.png> <./kdes7.png> <./kdes9.png>]
<contact_thunderbird-Symbol_Gear.jpg, id=700, 163.61125pt x 67.25125pt>
File: contact_thunderbird-Symbol_Gear.jpg Graphic file (type jpg)

<use contact_thunderbird-Symbol_Gear.jpg>
Package pdftex.def Info: contact_thunderbird-Symbol_Gear.jpg used on input line
 2399.
(pdftex.def)             Requested size: 163.61084pt x 67.25107pt.
File: contact_thunderbird-Symbol_Gear.jpg Graphic file (type jpg)

<use contact_thunderbird-Symbol_Gear.jpg>
Package pdftex.def Info: contact_thunderbird-Symbol_Gear.jpg used on input line
 2399.
(pdftex.def)             Requested size: 163.61084pt x 67.25107pt.

<contact_thunderbird-Symbol_Impeller.jpg, id=701, 29.10875pt x 30.1125pt>
File: contact_thunderbird-Symbol_Impeller.jpg Graphic file (type jpg)

<use contact_thunderbird-Symbol_Impeller.jpg>
Package pdftex.def Info: contact_thunderbird-Symbol_Impeller.jpg used on input 
line 2403.
(pdftex.def)             Requested size: 29.10867pt x 30.11241pt.
File: contact_thunderbird-Symbol_Impeller.jpg Graphic file (type jpg)

<use contact_thunderbird-Symbol_Impeller.jpg>
Package pdftex.def Info: contact_thunderbird-Symbol_Impeller.jpg used on input 
line 2403.
(pdftex.def)             Requested size: 29.10867pt x 30.11241pt.

<contact_thunderbird-URL_config.jpg, id=702, 641.39626pt x 175.65625pt>
File: contact_thunderbird-URL_config.jpg Graphic file (type jpg)

<use contact_thunderbird-URL_config.jpg>
Package pdftex.def Info: contact_thunderbird-URL_config.jpg used on input line 
2407.
(pdftex.def)             Requested size: 641.39468pt x 175.6558pt.
File: contact_thunderbird-URL_config.jpg Graphic file (type jpg)

<use contact_thunderbird-URL_config.jpg>
Package pdftex.def Info: contact_thunderbird-URL_config.jpg used on input line 
2407.
(pdftex.def)             Requested size: 469.755pt x 128.65147pt.
 [53 <./kdes.png> <./contact_thunderbird-Symbol_Gear.jpg> <./contact_thunderbir
d-Symbol_Impeller.jpg>] [54 <./contact_thunderbird-URL_config.jpg>]
Chapter 6.
<oc_documents.png, id=718, 233.99307pt x 114.4275pt>
File: oc_documents.png Graphic file (type png)
 <use oc_documents.png>
Package pdftex.def Info: oc_documents.png used on input line 2470.
(pdftex.def)             Requested size: 233.9925pt x 114.42722pt.
File: oc_documents.png Graphic file (type png)

<use oc_documents.png>
Package pdftex.def Info: oc_documents.png used on input line 2470.
(pdftex.def)             Requested size: 233.9925pt x 114.42722pt.

<oc_documents_edit.png, id=719, 489.32813pt x 344.03531pt>
File: oc_documents_edit.png Graphic file (type png)

<use oc_documents_edit.png>
Package pdftex.def Info: oc_documents_edit.png used on input line 2487.
(pdftex.def)             Requested size: 489.32692pt x 344.03447pt.
File: oc_documents_edit.png Graphic file (type png)
 <use oc_documents_edit.png>
Package pdftex.def Info: oc_documents_edit.png used on input line 2487.
(pdftex.def)             Requested size: 469.755pt x 330.28064pt.
 [55

 <./oc_documents.png>] [56 <./oc_documents_edit.png>] [57] [58

]
Chapter 7.
<oc_personal_settings_dropdown.png, id=751, 100.87688pt x 133.24782pt>
File: oc_personal_settings_dropdown.png Graphic file (type png)

<use oc_personal_settings_dropdown.png>
Package pdftex.def Info: oc_personal_settings_dropdown.png used on input line 2
551.
(pdftex.def)             Requested size: 100.87662pt x 133.24748pt.
File: oc_personal_settings_dropdown.png Graphic file (type png)

<use oc_personal_settings_dropdown.png>
Package pdftex.def Info: oc_personal_settings_dropdown.png used on input line 2
551.
(pdftex.def)             Requested size: 100.87662pt x 133.24748pt.

<personal_settings.png, id=752, 442.65375pt x 405.76593pt>
File: personal_settings.png Graphic file (type png)

<use personal_settings.png>
Package pdftex.def Info: personal_settings.png used on input line 2561.
(pdftex.def)             Requested size: 442.65265pt x 405.76494pt.
File: personal_settings.png Graphic file (type png)
 <use personal_settings.png>
Package pdftex.def Info: personal_settings.png used on input line 2561.
(pdftex.def)             Requested size: 442.65265pt x 405.76494pt.
 [59 <./oc_personal_settings_dropdown.png>] [60 <./personal_settings.png>] [61]
 [62

]
Chapter 8.
<settings_sessions.png, id=772, 861.2175pt x 678.535pt>
File: settings_sessions.png Graphic file (type png)

<use settings_sessions.png>
Package pdftex.def Info: settings_sessions.png used on input line 2635.
(pdftex.def)             Requested size: 861.2154pt x 678.53334pt.
File: settings_sessions.png Graphic file (type png)
 <use settings_sessions.png>
Package pdftex.def Info: settings_sessions.png used on input line 2635.
(pdftex.def)             Requested size: 469.755pt x 370.12038pt.
 [63 <./settings_sessions.png>] <settings_devices.png, id=779, 861.2175pt x 678
.535pt>
File: settings_devices.png Graphic file (type png)

<use settings_devices.png>
Package pdftex.def Info: settings_devices.png used on input line 2650.
(pdftex.def)             Requested size: 861.2154pt x 678.53334pt.
File: settings_devices.png Graphic file (type png)
 <use settings_devices.png>
Package pdftex.def Info: settings_devices.png used on input line 2650.
(pdftex.def)             Requested size: 469.755pt x 370.12038pt.

<settings_devices_add.png, id=780, 861.2175pt x 678.535pt>
File: settings_devices_add.png Graphic file (type png)

<use settings_devices_add.png>
Package pdftex.def Info: settings_devices_add.png used on input line 2665.
(pdftex.def)             Requested size: 861.2154pt x 678.53334pt.
File: settings_devices_add.png Graphic file (type png)
 <use settings_devices_add.png>
Package pdftex.def Info: settings_devices_add.png used on input line 2665.
(pdftex.def)             Requested size: 469.755pt x 370.12038pt.
 [64 <./settings_devices.png>] [65 <./settings_devices_add.png>] [66]
Chapter 9.
[67

] [68]
Chapter 10.
<bookmark_addurl.png, id=806, 510.40688pt x 158.09062pt>
File: bookmark_addurl.png Graphic file (type png)

<use bookmark_addurl.png>
Package pdftex.def Info: bookmark_addurl.png used on input line 2788.
(pdftex.def)             Requested size: 510.40562pt x 158.09023pt.
File: bookmark_addurl.png Graphic file (type png)
 <use bookmark_addurl.png>
Package pdftex.def Info: bookmark_addurl.png used on input line 2788.
(pdftex.def)             Requested size: 469.755pt x 145.50784pt.
 [69

 <./bookmark_addurl.png>] <bookmark_setting.png, id=816, 191.21437pt x 191.9672
pt>
File: bookmark_setting.png Graphic file (type png)

<use bookmark_setting.png>
Package pdftex.def Info: bookmark_setting.png used on input line 2822.
(pdftex.def)             Requested size: 191.2139pt x 191.96672pt.
File: bookmark_setting.png Graphic file (type png)
 <use bookmark_setting.png>
Package pdftex.def Info: bookmark_setting.png used on input line 2822.
(pdftex.def)             Requested size: 191.2139pt x 191.96672pt.

(./ownCloud_User_Manual.ind)
Package atveryend Info: Empty hook `BeforeClearDocument' on input line 2839.
 [70 <./bookmark_setting.png>]
Package atveryend Info: Empty hook `AfterLastShipout' on input line 2839.

(./ownCloud_User_Manual.aux)
Package atveryend Info: Executing hook `AtVeryEndDocument' on input line 2839.
Package atveryend Info: Executing hook `AtEndAfterFileList' on input line 2839.

Package rerunfilecheck Info: File `ownCloud_User_Manual.out' has not changed.
(rerunfilecheck)             Checksum: 23F6640DA8CFC09BE233EB1D40B9043C;2530.
Package atveryend Info: Empty hook `AtVeryVeryEnd' on input line 2839.
 ) 
Here is how much of TeX's memory you used:
 9843 strings out of 495028
 141716 string characters out of 6181497
 232712 words of memory out of 5000000
 12449 multiletter control sequences out of 15000+600000
 58448 words of font info for 63 fonts, out of 8000000 for 9000
 15 hyphenation exceptions out of 8191
 36i,12n,49p,389b,502s stack positions out of 5000i,500n,10000p,200000b,80000s
{/usr/share/texlive/texmf-dist/fonts/enc/dvips/base/8r.enc}</usr/share/texliv
e/texmf-dist/fonts/type1/urw/courier/ucrr8a.pfb></usr/share/texlive/texmf-dist/
fonts/type1/urw/helvetic/uhvb8a.pfb></usr/share/texlive/texmf-dist/fonts/type1/
urw/helvetic/uhvbo8a.pfb></usr/share/texlive/texmf-dist/fonts/type1/urw/times/u
tmb8a.pfb></usr/share/texlive/texmf-dist/fonts/type1/urw/times/utmr8a.pfb></usr
/share/texlive/texmf-dist/fonts/type1/urw/times/utmri8a.pfb>
Output written on ownCloud_User_Manual.pdf (74 pages, 4056734 bytes).
PDF statistics:
 913 PDF objects out of 1000 (max. 8388607)
 744 compressed objects within 8 object streams
 295 named destinations out of 1000 (max. 500000)
 614 words of extra memory for PDF output out of 10000 (max. 10000000)

